{"name": "Verify Coach profile details are updated properly", "status": "broken", "statusDetails": {"message": "selenium.common.exceptions.NoSuchElementException: Message: no such element: Unable to locate element: {\"method\":\"xpath\",\"selector\":\"//input[@name=\"data[AgeofKids]\"]\"}\n  (Session info: chrome=101.0.4951.64)\nStacktrace:\nBacktrace:\n\tOrdinal0 [0x00B3B8F3+2406643]\n\tOrdinal0 [0x00ACAF31+1945393]\n\tOrdinal0 [0x009BC748+837448]\n\tOrdinal0 [0x009E92E0+1020640]\n\tOrdinal0 [0x009E957B+1021307]\n\tOrdinal0 [0x00A16372+1205106]\n\tOrdinal0 [0x00A042C4+1131204]\n\tOrdinal0 [0x00A14682+1197698]\n\tOrdinal0 [0x00A04096+1130646]\n\tOrdinal0 [0x009DE636+976438]\n\tOrdinal0 [0x009DF546+980294]\n\tGetHandleVerifier [0x00DA9612+2498066]\n\tGetHandleVerifier [0x00D9C920+2445600]\n\tGetHandleVerifier [0x00BD4F2A+579370]\n\tGetHandleVerifier [0x00BD3D36+574774]\n\tOrdinal0 [0x00AD1C0B+1973259]\n\tOrdinal0 [0x00AD6688+1992328]\n\tOrdinal0 [0x00AD6775+1992565]\n\tOrdinal0 [0x00ADF8D1+2029777]\n\tBaseThreadInitThunk [0x7603FA29+25]\n\tRtlGetAppContainerNamedObjectPath [0x77027A7E+286]\n\tRtlGetAppContainerNamedObjectPath [0x77027A4E+238]\n\n", "trace": "  File \"c:\\users\\kanaka\\pycharmprojects\\qworkspace\\venv\\lib\\site-packages\\behave\\model.py\", line 1329, in run\n    match.run(runner.context)\n  File \"c:\\users\\kanaka\\pycharmprojects\\qworkspace\\venv\\lib\\site-packages\\behave\\matchers.py\", line 98, in run\n    self.func(context, *args, **kwargs)\n  File \"steps\\CoachDashboard.py\", line 610, in step_impl\n    context.driver.find_element_by_xpath('//input[@name=\"data[AgeofKids]\"]').clear()\n  File \"c:\\users\\kanaka\\pycharmprojects\\qworkspace\\venv\\lib\\site-packages\\selenium\\webdriver\\remote\\webdriver.py\", line 484, in find_element_by_xpath\n    return self.find_element(by=By.XPATH, value=xpath)\n  File \"c:\\users\\kanaka\\pycharmprojects\\qworkspace\\venv\\lib\\site-packages\\selenium\\webdriver\\remote\\webdriver.py\", line 1153, in find_element\n    return self.execute(Command.FIND_ELEMENT, {\n  File \"c:\\users\\kanaka\\pycharmprojects\\qworkspace\\venv\\lib\\site-packages\\selenium\\webdriver\\remote\\webdriver.py\", line 400, in execute\n    self.error_handler.check_response(response)\n  File \"c:\\users\\kanaka\\pycharmprojects\\qworkspace\\venv\\lib\\site-packages\\selenium\\webdriver\\remote\\errorhandler.py\", line 236, in check_response\n    raise exception_class(message, screen, stacktrace)\n"}, "steps": [{"name": "When Enter text in field and click on submit", "status": "broken", "statusDetails": {"message": "selenium.common.exceptions.NoSuchElementException: Message: no such element: Unable to locate element: {\"method\":\"xpath\",\"selector\":\"//input[@name=\"data[AgeofKids]\"]\"}\n  (Session info: chrome=101.0.4951.64)\nStacktrace:\nBacktrace:\n\tOrdinal0 [0x00B3B8F3+2406643]\n\tOrdinal0 [0x00ACAF31+1945393]\n\tOrdinal0 [0x009BC748+837448]\n\tOrdinal0 [0x009E92E0+1020640]\n\tOrdinal0 [0x009E957B+1021307]\n\tOrdinal0 [0x00A16372+1205106]\n\tOrdinal0 [0x00A042C4+1131204]\n\tOrdinal0 [0x00A14682+1197698]\n\tOrdinal0 [0x00A04096+1130646]\n\tOrdinal0 [0x009DE636+976438]\n\tOrdinal0 [0x009DF546+980294]\n\tGetHandleVerifier [0x00DA9612+2498066]\n\tGetHandleVerifier [0x00D9C920+2445600]\n\tGetHandleVerifier [0x00BD4F2A+579370]\n\tGetHandleVerifier [0x00BD3D36+574774]\n\tOrdinal0 [0x00AD1C0B+1973259]\n\tOrdinal0 [0x00AD6688+1992328]\n\tOrdinal0 [0x00AD6775+1992565]\n\tOrdinal0 [0x00ADF8D1+2029777]\n\tBaseThreadInitThunk [0x7603FA29+25]\n\tRtlGetAppContainerNamedObjectPath [0x77027A7E+286]\n\tRtlGetAppContainerNamedObjectPath [0x77027A4E+238]\n\n", "trace": "  File \"c:\\users\\kanaka\\pycharmprojects\\qworkspace\\venv\\lib\\site-packages\\behave\\model.py\", line 1329, in run\n    match.run(runner.context)\n  File \"c:\\users\\kanaka\\pycharmprojects\\qworkspace\\venv\\lib\\site-packages\\behave\\matchers.py\", line 98, in run\n    self.func(context, *args, **kwargs)\n  File \"steps\\CoachDashboard.py\", line 610, in step_impl\n    context.driver.find_element_by_xpath('//input[@name=\"data[AgeofKids]\"]').clear()\n  File \"c:\\users\\kanaka\\pycharmprojects\\qworkspace\\venv\\lib\\site-packages\\selenium\\webdriver\\remote\\webdriver.py\", line 484, in find_element_by_xpath\n    return self.find_element(by=By.XPATH, value=xpath)\n  File \"c:\\users\\kanaka\\pycharmprojects\\qworkspace\\venv\\lib\\site-packages\\selenium\\webdriver\\remote\\webdriver.py\", line 1153, in find_element\n    return self.execute(Command.FIND_ELEMENT, {\n  File \"c:\\users\\kanaka\\pycharmprojects\\qworkspace\\venv\\lib\\site-packages\\selenium\\webdriver\\remote\\webdriver.py\", line 400, in execute\n    self.error_handler.check_response(response)\n  File \"c:\\users\\kanaka\\pycharmprojects\\qworkspace\\venv\\lib\\site-packages\\selenium\\webdriver\\remote\\errorhandler.py\", line 236, in check_response\n    raise exception_class(message, screen, stacktrace)\n"}, "start": 1652432108687, "stop": 1652432123749}, {"name": "Then Coach profile should be updated and updated value should display in field", "status": "skipped", "start": 1652432123749, "stop": 1652432123749}], "start": 1652432108671, "stop": 1652432123749, "uuid": "d035d64c-48af-44dc-8523-6ea48a49b446", "historyId": "e36a86b55b8260b361a9ccc112d247e1", "fullName": "Verify  Coach Dashboard: Verify Coach profile details are updated properly", "labels": [{"name": "severity", "value": "normal"}, {"name": "feature", "value": "Verify  Coach Dashboard"}, {"name": "framework", "value": "behave"}, {"name": "language", "value": "cpython3"}]}