{"name": "Verify Change password functionality for client", "status": "broken", "statusDetails": {"message": "selenium.common.exceptions.NoSuchElementException: Message: no such element: Unable to locate element: {\"method\":\"xpath\",\"selector\":\"//img[@title='Change Password']\"}\n  (Session info: chrome=101.0.4951.64)\nStacktrace:\nBacktrace:\n\tOrdinal0 [0x0076B8F3+2406643]\n\tOrdinal0 [0x006FAF31+1945393]\n\tOrdinal0 [0x005EC748+837448]\n\tOrdinal0 [0x006192E0+1020640]\n\tOrdinal0 [0x0061957B+1021307]\n\tOrdinal0 [0x00646372+1205106]\n\tOrdinal0 [0x006342C4+1131204]\n\tOrdinal0 [0x00644682+1197698]\n\tOrdinal0 [0x00634096+1130646]\n\tOrdinal0 [0x0060E636+976438]\n\tOrdinal0 [0x0060F546+980294]\n\tGetHandleVerifier [0x009D9612+2498066]\n\tGetHandleVerifier [0x009CC920+2445600]\n\tGetHandleVerifier [0x00804F2A+579370]\n\tGetHandleVerifier [0x00803D36+574774]\n\tOrdinal0 [0x00701C0B+1973259]\n\tOrdinal0 [0x00706688+1992328]\n\tOrdinal0 [0x00706775+1992565]\n\tOrdinal0 [0x0070F8D1+2029777]\n\tBaseThreadInitThunk [0x7603FA29+25]\n\tRtlGetAppContainerNamedObjectPath [0x77027A7E+286]\n\tRtlGetAppContainerNamedObjectPath [0x77027A4E+238]\n\n", "trace": "  File \"c:\\users\\kanaka\\pycharmprojects\\qworkspace\\venv\\lib\\site-packages\\behave\\model.py\", line 1329, in run\n    match.run(runner.context)\n  File \"c:\\users\\kanaka\\pycharmprojects\\qworkspace\\venv\\lib\\site-packages\\behave\\matchers.py\", line 98, in run\n    self.func(context, *args, **kwargs)\n  File \"steps\\ClientDashboard.py\", line 1330, in step_impl\n    context.driver.find_element_by_xpath(\"//img[@title='Change Password']\").click()\n  File \"c:\\users\\kanaka\\pycharmprojects\\qworkspace\\venv\\lib\\site-packages\\selenium\\webdriver\\remote\\webdriver.py\", line 484, in find_element_by_xpath\n    return self.find_element(by=By.XPATH, value=xpath)\n  File \"c:\\users\\kanaka\\pycharmprojects\\qworkspace\\venv\\lib\\site-packages\\selenium\\webdriver\\remote\\webdriver.py\", line 1153, in find_element\n    return self.execute(Command.FIND_ELEMENT, {\n  File \"c:\\users\\kanaka\\pycharmprojects\\qworkspace\\venv\\lib\\site-packages\\selenium\\webdriver\\remote\\webdriver.py\", line 400, in execute\n    self.error_handler.check_response(response)\n  File \"c:\\users\\kanaka\\pycharmprojects\\qworkspace\\venv\\lib\\site-packages\\selenium\\webdriver\\remote\\errorhandler.py\", line 236, in check_response\n    raise exception_class(message, screen, stacktrace)\n"}, "steps": [{"name": "When Click on change", "status": "broken", "statusDetails": {"message": "selenium.common.exceptions.NoSuchElementException: Message: no such element: Unable to locate element: {\"method\":\"xpath\",\"selector\":\"//img[@title='Change Password']\"}\n  (Session info: chrome=101.0.4951.64)\nStacktrace:\nBacktrace:\n\tOrdinal0 [0x0076B8F3+2406643]\n\tOrdinal0 [0x006FAF31+1945393]\n\tOrdinal0 [0x005EC748+837448]\n\tOrdinal0 [0x006192E0+1020640]\n\tOrdinal0 [0x0061957B+1021307]\n\tOrdinal0 [0x00646372+1205106]\n\tOrdinal0 [0x006342C4+1131204]\n\tOrdinal0 [0x00644682+1197698]\n\tOrdinal0 [0x00634096+1130646]\n\tOrdinal0 [0x0060E636+976438]\n\tOrdinal0 [0x0060F546+980294]\n\tGetHandleVerifier [0x009D9612+2498066]\n\tGetHandleVerifier [0x009CC920+2445600]\n\tGetHandleVerifier [0x00804F2A+579370]\n\tGetHandleVerifier [0x00803D36+574774]\n\tOrdinal0 [0x00701C0B+1973259]\n\tOrdinal0 [0x00706688+1992328]\n\tOrdinal0 [0x00706775+1992565]\n\tOrdinal0 [0x0070F8D1+2029777]\n\tBaseThreadInitThunk [0x7603FA29+25]\n\tRtlGetAppContainerNamedObjectPath [0x77027A7E+286]\n\tRtlGetAppContainerNamedObjectPath [0x77027A4E+238]\n\n", "trace": "  File \"c:\\users\\kanaka\\pycharmprojects\\qworkspace\\venv\\lib\\site-packages\\behave\\model.py\", line 1329, in run\n    match.run(runner.context)\n  File \"c:\\users\\kanaka\\pycharmprojects\\qworkspace\\venv\\lib\\site-packages\\behave\\matchers.py\", line 98, in run\n    self.func(context, *args, **kwargs)\n  File \"steps\\ClientDashboard.py\", line 1330, in step_impl\n    context.driver.find_element_by_xpath(\"//img[@title='Change Password']\").click()\n  File \"c:\\users\\kanaka\\pycharmprojects\\qworkspace\\venv\\lib\\site-packages\\selenium\\webdriver\\remote\\webdriver.py\", line 484, in find_element_by_xpath\n    return self.find_element(by=By.XPATH, value=xpath)\n  File \"c:\\users\\kanaka\\pycharmprojects\\qworkspace\\venv\\lib\\site-packages\\selenium\\webdriver\\remote\\webdriver.py\", line 1153, in find_element\n    return self.execute(Command.FIND_ELEMENT, {\n  File \"c:\\users\\kanaka\\pycharmprojects\\qworkspace\\venv\\lib\\site-packages\\selenium\\webdriver\\remote\\webdriver.py\", line 400, in execute\n    self.error_handler.check_response(response)\n  File \"c:\\users\\kanaka\\pycharmprojects\\qworkspace\\venv\\lib\\site-packages\\selenium\\webdriver\\remote\\errorhandler.py\", line 236, in check_response\n    raise exception_class(message, screen, stacktrace)\n"}, "start": 1652443007502, "stop": 1652443017539}, {"name": "And Enter Incorrect old \"Kanaka@1234\" and New password \"Qwerty@123\" and click on Submit", "status": "skipped", "start": 1652443017544, "stop": 1652443017544}, {"name": "Then Appropriate error message should display", "status": "skipped", "start": 1652443017544, "stop": 1652443017544}], "start": 1652443007502, "stop": 1652443017544, "uuid": "4db747dd-fdfd-4f6e-84ff-09684f594faf", "historyId": "3c0cb9adcff763ea4bcac326453e71d1", "fullName": "Verify Client Dashboard: Verify Change password functionality for client", "labels": [{"name": "severity", "value": "normal"}, {"name": "feature", "value": "Verify Client Dashboard"}, {"name": "framework", "value": "behave"}, {"name": "language", "value": "cpython3"}]}