{"name": "Verify Logout functionality for Ops dashboard", "status": "broken", "statusDetails": {"message": "selenium.common.exceptions.NoSuchElementException: Message: no such element: Unable to locate element: {\"method\":\"xpath\",\"selector\":\"//span[text()='Logout']\"}\n  (Session info: chrome=101.0.4951.64)\nStacktrace:\nBacktrace:\n\tOrdinal0 [0x00B4B8F3+2406643]\n\tOrdinal0 [0x00ADAF31+1945393]\n\tOrdinal0 [0x009CC748+837448]\n\tOrdinal0 [0x009F92E0+1020640]\n\tOrdinal0 [0x009F957B+1021307]\n\tOrdinal0 [0x00A26372+1205106]\n\tOrdinal0 [0x00A142C4+1131204]\n\tOrdinal0 [0x00A24682+1197698]\n\tOrdinal0 [0x00A14096+1130646]\n\tOrdinal0 [0x009EE636+976438]\n\tOrdinal0 [0x009EF546+980294]\n\tGetHandleVerifier [0x00DB9612+2498066]\n\tGetHandleVerifier [0x00DAC920+2445600]\n\tGetHandleVerifier [0x00BE4F2A+579370]\n\tGetHandleVerifier [0x00BE3D36+574774]\n\tOrdinal0 [0x00AE1C0B+1973259]\n\tOrdinal0 [0x00AE6688+1992328]\n\tOrdinal0 [0x00AE6775+1992565]\n\tOrdinal0 [0x00AEF8D1+2029777]\n\tBaseThreadInitThunk [0x7603FA29+25]\n\tRtlGetAppContainerNamedObjectPath [0x77027A7E+286]\n\tRtlGetAppContainerNamedObjectPath [0x77027A4E+238]\n\n", "trace": "  File \"c:\\users\\kanaka\\pycharmprojects\\qworkspace\\venv\\lib\\site-packages\\behave\\model.py\", line 1329, in run\n    match.run(runner.context)\n  File \"c:\\users\\kanaka\\pycharmprojects\\qworkspace\\venv\\lib\\site-packages\\behave\\matchers.py\", line 98, in run\n    self.func(context, *args, **kwargs)\n  File \"steps\\OpsDashboard.py\", line 1114, in step_impl\n    context.driver.find_element_by_xpath(\"//span[text()='Logout']\").click()\n  File \"c:\\users\\kanaka\\pycharmprojects\\qworkspace\\venv\\lib\\site-packages\\selenium\\webdriver\\remote\\webdriver.py\", line 484, in find_element_by_xpath\n    return self.find_element(by=By.XPATH, value=xpath)\n  File \"c:\\users\\kanaka\\pycharmprojects\\qworkspace\\venv\\lib\\site-packages\\selenium\\webdriver\\remote\\webdriver.py\", line 1153, in find_element\n    return self.execute(Command.FIND_ELEMENT, {\n  File \"c:\\users\\kanaka\\pycharmprojects\\qworkspace\\venv\\lib\\site-packages\\selenium\\webdriver\\remote\\webdriver.py\", line 400, in execute\n    self.error_handler.check_response(response)\n  File \"c:\\users\\kanaka\\pycharmprojects\\qworkspace\\venv\\lib\\site-packages\\selenium\\webdriver\\remote\\errorhandler.py\", line 236, in check_response\n    raise exception_class(message, screen, stacktrace)\n"}, "steps": [{"name": "When Click Logout on ops dashboard", "status": "broken", "statusDetails": {"message": "selenium.common.exceptions.NoSuchElementException: Message: no such element: Unable to locate element: {\"method\":\"xpath\",\"selector\":\"//span[text()='Logout']\"}\n  (Session info: chrome=101.0.4951.64)\nStacktrace:\nBacktrace:\n\tOrdinal0 [0x00B4B8F3+2406643]\n\tOrdinal0 [0x00ADAF31+1945393]\n\tOrdinal0 [0x009CC748+837448]\n\tOrdinal0 [0x009F92E0+1020640]\n\tOrdinal0 [0x009F957B+1021307]\n\tOrdinal0 [0x00A26372+1205106]\n\tOrdinal0 [0x00A142C4+1131204]\n\tOrdinal0 [0x00A24682+1197698]\n\tOrdinal0 [0x00A14096+1130646]\n\tOrdinal0 [0x009EE636+976438]\n\tOrdinal0 [0x009EF546+980294]\n\tGetHandleVerifier [0x00DB9612+2498066]\n\tGetHandleVerifier [0x00DAC920+2445600]\n\tGetHandleVerifier [0x00BE4F2A+579370]\n\tGetHandleVerifier [0x00BE3D36+574774]\n\tOrdinal0 [0x00AE1C0B+1973259]\n\tOrdinal0 [0x00AE6688+1992328]\n\tOrdinal0 [0x00AE6775+1992565]\n\tOrdinal0 [0x00AEF8D1+2029777]\n\tBaseThreadInitThunk [0x7603FA29+25]\n\tRtlGetAppContainerNamedObjectPath [0x77027A7E+286]\n\tRtlGetAppContainerNamedObjectPath [0x77027A4E+238]\n\n", "trace": "  File \"c:\\users\\kanaka\\pycharmprojects\\qworkspace\\venv\\lib\\site-packages\\behave\\model.py\", line 1329, in run\n    match.run(runner.context)\n  File \"c:\\users\\kanaka\\pycharmprojects\\qworkspace\\venv\\lib\\site-packages\\behave\\matchers.py\", line 98, in run\n    self.func(context, *args, **kwargs)\n  File \"steps\\OpsDashboard.py\", line 1114, in step_impl\n    context.driver.find_element_by_xpath(\"//span[text()='Logout']\").click()\n  File \"c:\\users\\kanaka\\pycharmprojects\\qworkspace\\venv\\lib\\site-packages\\selenium\\webdriver\\remote\\webdriver.py\", line 484, in find_element_by_xpath\n    return self.find_element(by=By.XPATH, value=xpath)\n  File \"c:\\users\\kanaka\\pycharmprojects\\qworkspace\\venv\\lib\\site-packages\\selenium\\webdriver\\remote\\webdriver.py\", line 1153, in find_element\n    return self.execute(Command.FIND_ELEMENT, {\n  File \"c:\\users\\kanaka\\pycharmprojects\\qworkspace\\venv\\lib\\site-packages\\selenium\\webdriver\\remote\\webdriver.py\", line 400, in execute\n    self.error_handler.check_response(response)\n  File \"c:\\users\\kanaka\\pycharmprojects\\qworkspace\\venv\\lib\\site-packages\\selenium\\webdriver\\remote\\errorhandler.py\", line 236, in check_response\n    raise exception_class(message, screen, stacktrace)\n"}, "start": 1652439802529, "stop": 1652439814551}, {"name": "Then Login page should be displayed", "status": "skipped", "start": 1652439814553, "stop": 1652439814553}], "start": 1652439802526, "stop": 1652439814553, "uuid": "b2798b4d-5a12-4238-beae-0cd4a064e31a", "historyId": "475182c1e274753a56906f3dd07c9b4c", "fullName": "Verify Operation Dashboard functionality: Verify Logout functionality for Ops dashboard", "labels": [{"name": "severity", "value": "normal"}, {"name": "feature", "value": "Verify Operation Dashboard functionality"}, {"name": "framework", "value": "behave"}, {"name": "language", "value": "cpython3"}]}