{"name": "Verify Active activities on Activities screen", "status": "broken", "statusDetails": {"message": "selenium.common.exceptions.NoSuchElementException: Message: no such element: Unable to locate element: {\"method\":\"xpath\",\"selector\":\"//a[@class='navanchor border-radius-4 nav-link koho font-weight-500 font-size-9 align-items-center active-tab-color']\"}\n  (Session info: chrome=101.0.4951.64)\nStacktrace:\nBacktrace:\n\tOrdinal0 [0x0076B8F3+2406643]\n\tOrdinal0 [0x006FAF31+1945393]\n\tOrdinal0 [0x005EC748+837448]\n\tOrdinal0 [0x006192E0+1020640]\n\tOrdinal0 [0x0061957B+1021307]\n\tOrdinal0 [0x00646372+1205106]\n\tOrdinal0 [0x006342C4+1131204]\n\tOrdinal0 [0x00644682+1197698]\n\tOrdinal0 [0x00634096+1130646]\n\tOrdinal0 [0x0060E636+976438]\n\tOrdinal0 [0x0060F546+980294]\n\tGetHandleVerifier [0x009D9612+2498066]\n\tGetHandleVerifier [0x009CC920+2445600]\n\tGetHandleVerifier [0x00804F2A+579370]\n\tGetHandleVerifier [0x00803D36+574774]\n\tOrdinal0 [0x00701C0B+1973259]\n\tOrdinal0 [0x00706688+1992328]\n\tOrdinal0 [0x00706775+1992565]\n\tOrdinal0 [0x0070F8D1+2029777]\n\tBaseThreadInitThunk [0x7603FA29+25]\n\tRtlGetAppContainerNamedObjectPath [0x77027A7E+286]\n\tRtlGetAppContainerNamedObjectPath [0x77027A4E+238]\n\n", "trace": "  File \"c:\\users\\kanaka\\pycharmprojects\\qworkspace\\venv\\lib\\site-packages\\behave\\model.py\", line 1329, in run\n    match.run(runner.context)\n  File \"c:\\users\\kanaka\\pycharmprojects\\qworkspace\\venv\\lib\\site-packages\\behave\\matchers.py\", line 98, in run\n    self.func(context, *args, **kwargs)\n  File \"steps\\ClientDashboard.py\", line 829, in step_impl\n    text2 = context.driver.find_element_by_xpath(\n  File \"c:\\users\\kanaka\\pycharmprojects\\qworkspace\\venv\\lib\\site-packages\\selenium\\webdriver\\remote\\webdriver.py\", line 484, in find_element_by_xpath\n    return self.find_element(by=By.XPATH, value=xpath)\n  File \"c:\\users\\kanaka\\pycharmprojects\\qworkspace\\venv\\lib\\site-packages\\selenium\\webdriver\\remote\\webdriver.py\", line 1153, in find_element\n    return self.execute(Command.FIND_ELEMENT, {\n  File \"c:\\users\\kanaka\\pycharmprojects\\qworkspace\\venv\\lib\\site-packages\\selenium\\webdriver\\remote\\webdriver.py\", line 400, in execute\n    self.error_handler.check_response(response)\n  File \"c:\\users\\kanaka\\pycharmprojects\\qworkspace\\venv\\lib\\site-packages\\selenium\\webdriver\\remote\\errorhandler.py\", line 236, in check_response\n    raise exception_class(message, screen, stacktrace)\n"}, "steps": [{"name": "When Click on Active", "status": "passed", "start": 1652442932599, "stop": 1652442932601}, {"name": "Then Active activities should display", "status": "broken", "statusDetails": {"message": "selenium.common.exceptions.NoSuchElementException: Message: no such element: Unable to locate element: {\"method\":\"xpath\",\"selector\":\"//a[@class='navanchor border-radius-4 nav-link koho font-weight-500 font-size-9 align-items-center active-tab-color']\"}\n  (Session info: chrome=101.0.4951.64)\nStacktrace:\nBacktrace:\n\tOrdinal0 [0x0076B8F3+2406643]\n\tOrdinal0 [0x006FAF31+1945393]\n\tOrdinal0 [0x005EC748+837448]\n\tOrdinal0 [0x006192E0+1020640]\n\tOrdinal0 [0x0061957B+1021307]\n\tOrdinal0 [0x00646372+1205106]\n\tOrdinal0 [0x006342C4+1131204]\n\tOrdinal0 [0x00644682+1197698]\n\tOrdinal0 [0x00634096+1130646]\n\tOrdinal0 [0x0060E636+976438]\n\tOrdinal0 [0x0060F546+980294]\n\tGetHandleVerifier [0x009D9612+2498066]\n\tGetHandleVerifier [0x009CC920+2445600]\n\tGetHandleVerifier [0x00804F2A+579370]\n\tGetHandleVerifier [0x00803D36+574774]\n\tOrdinal0 [0x00701C0B+1973259]\n\tOrdinal0 [0x00706688+1992328]\n\tOrdinal0 [0x00706775+1992565]\n\tOrdinal0 [0x0070F8D1+2029777]\n\tBaseThreadInitThunk [0x7603FA29+25]\n\tRtlGetAppContainerNamedObjectPath [0x77027A7E+286]\n\tRtlGetAppContainerNamedObjectPath [0x77027A4E+238]\n\n", "trace": "  File \"c:\\users\\kanaka\\pycharmprojects\\qworkspace\\venv\\lib\\site-packages\\behave\\model.py\", line 1329, in run\n    match.run(runner.context)\n  File \"c:\\users\\kanaka\\pycharmprojects\\qworkspace\\venv\\lib\\site-packages\\behave\\matchers.py\", line 98, in run\n    self.func(context, *args, **kwargs)\n  File \"steps\\ClientDashboard.py\", line 829, in step_impl\n    text2 = context.driver.find_element_by_xpath(\n  File \"c:\\users\\kanaka\\pycharmprojects\\qworkspace\\venv\\lib\\site-packages\\selenium\\webdriver\\remote\\webdriver.py\", line 484, in find_element_by_xpath\n    return self.find_element(by=By.XPATH, value=xpath)\n  File \"c:\\users\\kanaka\\pycharmprojects\\qworkspace\\venv\\lib\\site-packages\\selenium\\webdriver\\remote\\webdriver.py\", line 1153, in find_element\n    return self.execute(Command.FIND_ELEMENT, {\n  File \"c:\\users\\kanaka\\pycharmprojects\\qworkspace\\venv\\lib\\site-packages\\selenium\\webdriver\\remote\\webdriver.py\", line 400, in execute\n    self.error_handler.check_response(response)\n  File \"c:\\users\\kanaka\\pycharmprojects\\qworkspace\\venv\\lib\\site-packages\\selenium\\webdriver\\remote\\errorhandler.py\", line 236, in check_response\n    raise exception_class(message, screen, stacktrace)\n"}, "attachments": [{"name": "Screenshot", "source": "e9a14aba-7bb6-4193-a5f3-106ccdc7cc1d-attachment.png", "type": "image/png"}], "start": 1652442932601, "stop": 1652442942973}, {"name": "When Click on Coach recommended active activity", "status": "skipped", "start": 1652442942982, "stop": 1652442942982}, {"name": "Then Activity detail should display and Complete button should display", "status": "skipped", "start": 1652442942982, "stop": 1652442942982}, {"name": "When Click on self active activity", "status": "skipped", "start": 1652442942982, "stop": 1652442942982}, {"name": "Then Activity detail should display and Complete and Delete button should display", "status": "skipped", "start": 1652442942982, "stop": 1652442942985}, {"name": "And Click on Add", "status": "skipped", "start": 1652442942985, "stop": 1652442942985}, {"name": "Then Screen should navigate to Network Q screen", "status": "skipped", "start": 1652442942985, "stop": 1652442942985}, {"name": "And Add Self activity for client", "status": "skipped", "start": 1652442942985, "stop": 1652442942985}, {"name": "Then Proper toaster messgae should display", "status": "skipped", "start": 1652442942985, "stop": 1652442942985}], "start": 1652442932595, "stop": 1652442942985, "uuid": "3682ae92-f0f5-4eed-bbeb-6fd12bd41e72", "historyId": "e48e7a262e920002e54dc73141e25b76", "fullName": "Verify Client Dashboard: Verify Active activities on Activities screen", "labels": [{"name": "severity", "value": "normal"}, {"name": "feature", "value": "Verify Client Dashboard"}, {"name": "framework", "value": "behave"}, {"name": "language", "value": "cpython3"}]}