{"name": "Verify Session scheduling functionality", "status": "broken", "statusDetails": {"message": "selenium.common.exceptions.ElementNotInteractableException: Message: element not interactable\n  (Session info: chrome=103.0.5060.66)\nStacktrace:\nBacktrace:\n\tOrdinal0 [0x006B6463+2188387]\n\tOrdinal0 [0x0064E461+1762401]\n\tOrdinal0 [0x00563C40+801856]\n\tOrdinal0 [0x00592873+993395]\n\tOrdinal0 [0x00588613+951827]\n\tOrdinal0 [0x005AC7DC+1099740]\n\tOrdinal0 [0x00587FF4+950260]\n\tOrdinal0 [0x005AC9F4+1100276]\n\tOrdinal0 [0x005BCC22+1166370]\n\tOrdinal0 [0x005AC5F6+1099254]\n\tOrdinal0 [0x00586BE0+945120]\n\tOrdinal0 [0x00587AD6+948950]\n\tGetHandleVerifier [0x009571F2+2712546]\n\tGetHandleVerifier [0x0094886D+2652765]\n\tGetHandleVerifier [0x0074002A+520730]\n\tGetHandleVerifier [0x0073EE06+516086]\n\tOrdinal0 [0x0065468B+1787531]\n\tOrdinal0 [0x00658E88+1805960]\n\tOrdinal0 [0x00658F75+1806197]\n\tOrdinal0 [0x00661DF1+1842673]\n\tBaseThreadInitThunk [0x7571FA29+25]\n\tRtlGetAppContainerNamedObjectPath [0x77277A9E+286]\n\tRtlGetAppContainerNamedObjectPath [0x77277A6E+238]\n\n", "trace": "  File \"c:\\users\\kanaka\\pycharmprojects\\qworkspace\\venv\\lib\\site-packages\\behave\\model.py\", line 1329, in run\n    match.run(runner.context)\n  File \"c:\\users\\kanaka\\pycharmprojects\\qworkspace\\venv\\lib\\site-packages\\behave\\matchers.py\", line 98, in run\n    self.func(context, *args, **kwargs)\n  File \"steps\\CoachDashboard.py\", line 216, in step_impl\n    context.driver.find_element_by_xpath(selectaday).click()\n  File \"c:\\users\\kanaka\\pycharmprojects\\qworkspace\\venv\\lib\\site-packages\\selenium\\webdriver\\remote\\webelement.py\", line 80, in click\n    self._execute(Command.CLICK_ELEMENT)\n  File \"c:\\users\\kanaka\\pycharmprojects\\qworkspace\\venv\\lib\\site-packages\\selenium\\webdriver\\remote\\webelement.py\", line 693, in _execute\n    return self._parent.execute(command, params)\n  File \"c:\\users\\kanaka\\pycharmprojects\\qworkspace\\venv\\lib\\site-packages\\selenium\\webdriver\\remote\\webdriver.py\", line 400, in execute\n    self.error_handler.check_response(response)\n  File \"c:\\users\\kanaka\\pycharmprojects\\qworkspace\\venv\\lib\\site-packages\\selenium\\webdriver\\remote\\errorhandler.py\", line 236, in check_response\n    raise exception_class(message, screen, stacktrace)\n"}, "steps": [{"name": "When Click on Schedule+ button", "status": "passed", "start": 1656508074260, "stop": 1656508083441}, {"name": "Then Schedule next session calendar should display", "status": "passed", "start": 1656508083441, "stop": 1656508088530}, {"name": "When Select and date and time and click on save", "status": "broken", "statusDetails": {"message": "selenium.common.exceptions.ElementNotInteractableException: Message: element not interactable\n  (Session info: chrome=103.0.5060.66)\nStacktrace:\nBacktrace:\n\tOrdinal0 [0x006B6463+2188387]\n\tOrdinal0 [0x0064E461+1762401]\n\tOrdinal0 [0x00563C40+801856]\n\tOrdinal0 [0x00592873+993395]\n\tOrdinal0 [0x00588613+951827]\n\tOrdinal0 [0x005AC7DC+1099740]\n\tOrdinal0 [0x00587FF4+950260]\n\tOrdinal0 [0x005AC9F4+1100276]\n\tOrdinal0 [0x005BCC22+1166370]\n\tOrdinal0 [0x005AC5F6+1099254]\n\tOrdinal0 [0x00586BE0+945120]\n\tOrdinal0 [0x00587AD6+948950]\n\tGetHandleVerifier [0x009571F2+2712546]\n\tGetHandleVerifier [0x0094886D+2652765]\n\tGetHandleVerifier [0x0074002A+520730]\n\tGetHandleVerifier [0x0073EE06+516086]\n\tOrdinal0 [0x0065468B+1787531]\n\tOrdinal0 [0x00658E88+1805960]\n\tOrdinal0 [0x00658F75+1806197]\n\tOrdinal0 [0x00661DF1+1842673]\n\tBaseThreadInitThunk [0x7571FA29+25]\n\tRtlGetAppContainerNamedObjectPath [0x77277A9E+286]\n\tRtlGetAppContainerNamedObjectPath [0x77277A6E+238]\n\n", "trace": "  File \"c:\\users\\kanaka\\pycharmprojects\\qworkspace\\venv\\lib\\site-packages\\behave\\model.py\", line 1329, in run\n    match.run(runner.context)\n  File \"c:\\users\\kanaka\\pycharmprojects\\qworkspace\\venv\\lib\\site-packages\\behave\\matchers.py\", line 98, in run\n    self.func(context, *args, **kwargs)\n  File \"steps\\CoachDashboard.py\", line 216, in step_impl\n    context.driver.find_element_by_xpath(selectaday).click()\n  File \"c:\\users\\kanaka\\pycharmprojects\\qworkspace\\venv\\lib\\site-packages\\selenium\\webdriver\\remote\\webelement.py\", line 80, in click\n    self._execute(Command.CLICK_ELEMENT)\n  File \"c:\\users\\kanaka\\pycharmprojects\\qworkspace\\venv\\lib\\site-packages\\selenium\\webdriver\\remote\\webelement.py\", line 693, in _execute\n    return self._parent.execute(command, params)\n  File \"c:\\users\\kanaka\\pycharmprojects\\qworkspace\\venv\\lib\\site-packages\\selenium\\webdriver\\remote\\webdriver.py\", line 400, in execute\n    self.error_handler.check_response(response)\n  File \"c:\\users\\kanaka\\pycharmprojects\\qworkspace\\venv\\lib\\site-packages\\selenium\\webdriver\\remote\\errorhandler.py\", line 236, in check_response\n    raise exception_class(message, screen, stacktrace)\n"}, "start": 1656508088530, "stop": 1656508108605}, {"name": "Then Session should be scheduled", "status": "skipped", "start": 1656508108605, "stop": 1656508108605}], "start": 1656508074256, "stop": 1656508108605, "uuid": "7d42b06e-efa5-4e68-916a-8177ae372c42", "historyId": "6fe463befb3b36260ea32d51ac884fd1", "fullName": "Verify  Coach Dashboard: Verify Session scheduling functionality", "labels": [{"name": "severity", "value": "normal"}, {"name": "feature", "value": "Verify  Coach Dashboard"}, {"name": "framework", "value": "behave"}, {"name": "language", "value": "cpython3"}]}