{"name": "Verify Add activity to client functionality", "status": "broken", "statusDetails": {"message": "selenium.common.exceptions.NoSuchElementException: Message: no such element: Unable to locate element: {\"method\":\"xpath\",\"selector\":\"//span[text()=' ADD ']\"}\n  (Session info: chrome=103.0.5060.114)\nStacktrace:\nBacktrace:\n\tOrdinal0 [0x00E66463+2188387]\n\tOrdinal0 [0x00DFE461+1762401]\n\tOrdinal0 [0x00D13D78+802168]\n\tOrdinal0 [0x00D41880+989312]\n\tOrdinal0 [0x00D41B1B+989979]\n\tOrdinal0 [0x00D6E912+1173778]\n\tOrdinal0 [0x00D5C824+1099812]\n\tOrdinal0 [0x00D6CC22+1166370]\n\tOrdinal0 [0x00D5C5F6+1099254]\n\tOrdinal0 [0x00D36BE0+945120]\n\tOrdinal0 [0x00D37AD6+948950]\n\tGetHandleVerifier [0x011071F2+2712546]\n\tGetHandleVerifier [0x010F886D+2652765]\n\tGetHandleVerifier [0x00EF002A+520730]\n\tGetHandleVerifier [0x00EEEE06+516086]\n\tOrdinal0 [0x00E0468B+1787531]\n\tOrdinal0 [0x00E08E88+1805960]\n\tOrdinal0 [0x00E08F75+1806197]\n\tOrdinal0 [0x00E11DF1+1842673]\n\tBaseThreadInitThunk [0x76FEFA29+25]\n\tRtlGetAppContainerNamedObjectPath [0x77387A9E+286]\n\tRtlGetAppContainerNamedObjectPath [0x77387A6E+238]\n\n", "trace": "  File \"c:\\users\\kanaka\\pycharmprojects\\qworkspace\\venv\\lib\\site-packages\\behave\\model.py\", line 1329, in run\n    match.run(runner.context)\n  File \"c:\\users\\kanaka\\pycharmprojects\\qworkspace\\venv\\lib\\site-packages\\behave\\matchers.py\", line 98, in run\n    self.func(context, *args, **kwargs)\n  File \"steps\\CoachDashboard.py\", line 319, in step_impl\n    context.driver.find_element_by_xpath(\"//span[text()=' ADD ']\").click()\n  File \"c:\\users\\kanaka\\pycharmprojects\\qworkspace\\venv\\lib\\site-packages\\selenium\\webdriver\\remote\\webdriver.py\", line 484, in find_element_by_xpath\n    return self.find_element(by=By.XPATH, value=xpath)\n  File \"c:\\users\\kanaka\\pycharmprojects\\qworkspace\\venv\\lib\\site-packages\\selenium\\webdriver\\remote\\webdriver.py\", line 1153, in find_element\n    return self.execute(Command.FIND_ELEMENT, {\n  File \"c:\\users\\kanaka\\pycharmprojects\\qworkspace\\venv\\lib\\site-packages\\selenium\\webdriver\\remote\\webdriver.py\", line 400, in execute\n    self.error_handler.check_response(response)\n  File \"c:\\users\\kanaka\\pycharmprojects\\qworkspace\\venv\\lib\\site-packages\\selenium\\webdriver\\remote\\errorhandler.py\", line 236, in check_response\n    raise exception_class(message, screen, stacktrace)\n"}, "steps": [{"name": "When Click on Add button and select resource from NetQ", "status": "broken", "statusDetails": {"message": "selenium.common.exceptions.NoSuchElementException: Message: no such element: Unable to locate element: {\"method\":\"xpath\",\"selector\":\"//span[text()=' ADD ']\"}\n  (Session info: chrome=103.0.5060.114)\nStacktrace:\nBacktrace:\n\tOrdinal0 [0x00E66463+2188387]\n\tOrdinal0 [0x00DFE461+1762401]\n\tOrdinal0 [0x00D13D78+802168]\n\tOrdinal0 [0x00D41880+989312]\n\tOrdinal0 [0x00D41B1B+989979]\n\tOrdinal0 [0x00D6E912+1173778]\n\tOrdinal0 [0x00D5C824+1099812]\n\tOrdinal0 [0x00D6CC22+1166370]\n\tOrdinal0 [0x00D5C5F6+1099254]\n\tOrdinal0 [0x00D36BE0+945120]\n\tOrdinal0 [0x00D37AD6+948950]\n\tGetHandleVerifier [0x011071F2+2712546]\n\tGetHandleVerifier [0x010F886D+2652765]\n\tGetHandleVerifier [0x00EF002A+520730]\n\tGetHandleVerifier [0x00EEEE06+516086]\n\tOrdinal0 [0x00E0468B+1787531]\n\tOrdinal0 [0x00E08E88+1805960]\n\tOrdinal0 [0x00E08F75+1806197]\n\tOrdinal0 [0x00E11DF1+1842673]\n\tBaseThreadInitThunk [0x76FEFA29+25]\n\tRtlGetAppContainerNamedObjectPath [0x77387A9E+286]\n\tRtlGetAppContainerNamedObjectPath [0x77387A6E+238]\n\n", "trace": "  File \"c:\\users\\kanaka\\pycharmprojects\\qworkspace\\venv\\lib\\site-packages\\behave\\model.py\", line 1329, in run\n    match.run(runner.context)\n  File \"c:\\users\\kanaka\\pycharmprojects\\qworkspace\\venv\\lib\\site-packages\\behave\\matchers.py\", line 98, in run\n    self.func(context, *args, **kwargs)\n  File \"steps\\CoachDashboard.py\", line 319, in step_impl\n    context.driver.find_element_by_xpath(\"//span[text()=' ADD ']\").click()\n  File \"c:\\users\\kanaka\\pycharmprojects\\qworkspace\\venv\\lib\\site-packages\\selenium\\webdriver\\remote\\webdriver.py\", line 484, in find_element_by_xpath\n    return self.find_element(by=By.XPATH, value=xpath)\n  File \"c:\\users\\kanaka\\pycharmprojects\\qworkspace\\venv\\lib\\site-packages\\selenium\\webdriver\\remote\\webdriver.py\", line 1153, in find_element\n    return self.execute(Command.FIND_ELEMENT, {\n  File \"c:\\users\\kanaka\\pycharmprojects\\qworkspace\\venv\\lib\\site-packages\\selenium\\webdriver\\remote\\webdriver.py\", line 400, in execute\n    self.error_handler.check_response(response)\n  File \"c:\\users\\kanaka\\pycharmprojects\\qworkspace\\venv\\lib\\site-packages\\selenium\\webdriver\\remote\\errorhandler.py\", line 236, in check_response\n    raise exception_class(message, screen, stacktrace)\n"}, "start": 1657189828006, "stop": 1657189838027}, {"name": "Then Proper toaster message should display to coach", "status": "skipped", "start": 1657189838027, "stop": 1657189838027}], "start": 1657189828005, "stop": 1657189838027, "uuid": "ce536899-bcd5-4e11-827b-beb8fdcb81c9", "historyId": "5fd7d378afd08088869cf18fe91213f3", "fullName": "Verify  Coach Dashboard: Verify Add activity to client functionality", "labels": [{"name": "severity", "value": "normal"}, {"name": "feature", "value": "Verify  Coach Dashboard"}, {"name": "framework", "value": "behave"}, {"name": "language", "value": "cpython3"}]}