{"name": "Verify Active activities on Activities screen", "status": "broken", "statusDetails": {"message": "selenium.common.exceptions.NoSuchElementException: Message: no such element: Unable to locate element: {\"method\":\"xpath\",\"selector\":\"//*[@id=\"toast-container\"]/div\"}\n  (Session info: chrome=101.0.4951.64)\nStacktrace:\nBacktrace:\n\tOrdinal0 [0x00E8B8F3+2406643]\n\tOrdinal0 [0x00E1AF31+1945393]\n\tOrdinal0 [0x00D0C748+837448]\n\tOrdinal0 [0x00D392E0+1020640]\n\tOrdinal0 [0x00D3957B+1021307]\n\tOrdinal0 [0x00D66372+1205106]\n\tOrdinal0 [0x00D542C4+1131204]\n\tOrdinal0 [0x00D64682+1197698]\n\tOrdinal0 [0x00D54096+1130646]\n\tOrdinal0 [0x00D2E636+976438]\n\tOrdinal0 [0x00D2F546+980294]\n\tGetHandleVerifier [0x010F9612+2498066]\n\tGetHandleVerifier [0x010EC920+2445600]\n\tGetHandleVerifier [0x00F24F2A+579370]\n\tGetHandleVerifier [0x00F23D36+574774]\n\tOrdinal0 [0x00E21C0B+1973259]\n\tOrdinal0 [0x00E26688+1992328]\n\tOrdinal0 [0x00E26775+1992565]\n\tOrdinal0 [0x00E2F8D1+2029777]\n\tBaseThreadInitThunk [0x7603FA29+25]\n\tRtlGetAppContainerNamedObjectPath [0x77027A7E+286]\n\tRtlGetAppContainerNamedObjectPath [0x77027A4E+238]\n\n", "trace": "  File \"c:\\users\\kanaka\\pycharmprojects\\qworkspace\\venv\\lib\\site-packages\\behave\\model.py\", line 1329, in run\n    match.run(runner.context)\n  File \"c:\\users\\kanaka\\pycharmprojects\\qworkspace\\venv\\lib\\site-packages\\behave\\matchers.py\", line 98, in run\n    self.func(context, *args, **kwargs)\n  File \"steps\\ClientDashboard.py\", line 973, in step_impl\n    context.driver.find_element_by_xpath('//*[@id=\"toast-container\"]/div').click()\n  File \"c:\\users\\kanaka\\pycharmprojects\\qworkspace\\venv\\lib\\site-packages\\selenium\\webdriver\\remote\\webdriver.py\", line 484, in find_element_by_xpath\n    return self.find_element(by=By.XPATH, value=xpath)\n  File \"c:\\users\\kanaka\\pycharmprojects\\qworkspace\\venv\\lib\\site-packages\\selenium\\webdriver\\remote\\webdriver.py\", line 1153, in find_element\n    return self.execute(Command.FIND_ELEMENT, {\n  File \"c:\\users\\kanaka\\pycharmprojects\\qworkspace\\venv\\lib\\site-packages\\selenium\\webdriver\\remote\\webdriver.py\", line 400, in execute\n    self.error_handler.check_response(response)\n  File \"c:\\users\\kanaka\\pycharmprojects\\qworkspace\\venv\\lib\\site-packages\\selenium\\webdriver\\remote\\errorhandler.py\", line 236, in check_response\n    raise exception_class(message, screen, stacktrace)\n"}, "steps": [{"name": "When Click on Active", "status": "passed", "start": 1652691840742, "stop": 1652691840742}, {"name": "Then Active activities should display", "status": "passed", "attachments": [{"name": "Screenshot", "source": "a1606f31-9a23-4a24-8f4f-2df65378bd5b-attachment.png", "type": "image/png"}, {"name": "Archived selected", "source": "d9c04dad-95a4-4912-b00e-46a782a71e29-attachment.attach"}], "start": 1652691840742, "stop": 1652691845924}, {"name": "When Click on Coach recommended active activity", "status": "passed", "attachments": [{"name": "Coach recommended Active activities are present", "source": "26e5756a-c749-4ca4-bdf9-d5bb8fcabb93-attachment.attach"}], "start": 1652691845924, "stop": 1652691857268}, {"name": "Then Activity detail should display and Complete button should display", "status": "passed", "attachments": [{"name": "Screenshot", "source": "069a897a-0511-4a6b-ae59-28db4701c353-attachment.png", "type": "image/png"}, {"name": "Activity details are displayed", "source": "c24319df-11af-489a-a79d-74aa75c14bb7-attachment.attach"}, {"name": "Button displayed > Complete,Open and Close", "source": "cb9f1d9d-66cc-4af1-9e19-bd4db79e1c38-attachment.attach"}], "start": 1652691857268, "stop": 1652691865573}, {"name": "When Click on self active activity", "status": "passed", "attachments": [{"name": "Active self activities are present", "source": "3cdd28b4-aba0-46d3-a05d-56a2d8bef56e-attachment.attach"}], "start": 1652691865573, "stop": 1652691874713}, {"name": "Then Activity detail should display and Complete and Delete button should display", "status": "passed", "attachments": [{"name": "Screenshot", "source": "d0760402-dd76-4a18-81c0-b7c1428d03fe-attachment.png", "type": "image/png"}, {"name": "Activity details are displayed", "source": "8f0bd1ea-31a0-4ec7-85f5-80c3d243f293-attachment.attach"}, {"name": "Button displayed > Complete,Open,Close and Remove", "source": "d4b1412d-e708-4901-9b5a-3e7b24c1251a-attachment.attach"}], "start": 1652691874713, "stop": 1652691881015}, {"name": "And Click on Add", "status": "passed", "start": 1652691881015, "stop": 1652691886179}, {"name": "Then Screen should navigate to Network Q screen", "status": "passed", "attachments": [{"name": "Redirect to Network q", "source": "5f87b637-40c8-42c6-970d-365478762212-attachment.png", "type": "image/png"}], "start": 1652691886179, "stop": 1652691886301}, {"name": "And Add Self activity for client", "status": "passed", "start": 1652691886301, "stop": 1652691893634}, {"name": "Then Proper toaster messgae should display", "status": "broken", "statusDetails": {"message": "selenium.common.exceptions.NoSuchElementException: Message: no such element: Unable to locate element: {\"method\":\"xpath\",\"selector\":\"//*[@id=\"toast-container\"]/div\"}\n  (Session info: chrome=101.0.4951.64)\nStacktrace:\nBacktrace:\n\tOrdinal0 [0x00E8B8F3+2406643]\n\tOrdinal0 [0x00E1AF31+1945393]\n\tOrdinal0 [0x00D0C748+837448]\n\tOrdinal0 [0x00D392E0+1020640]\n\tOrdinal0 [0x00D3957B+1021307]\n\tOrdinal0 [0x00D66372+1205106]\n\tOrdinal0 [0x00D542C4+1131204]\n\tOrdinal0 [0x00D64682+1197698]\n\tOrdinal0 [0x00D54096+1130646]\n\tOrdinal0 [0x00D2E636+976438]\n\tOrdinal0 [0x00D2F546+980294]\n\tGetHandleVerifier [0x010F9612+2498066]\n\tGetHandleVerifier [0x010EC920+2445600]\n\tGetHandleVerifier [0x00F24F2A+579370]\n\tGetHandleVerifier [0x00F23D36+574774]\n\tOrdinal0 [0x00E21C0B+1973259]\n\tOrdinal0 [0x00E26688+1992328]\n\tOrdinal0 [0x00E26775+1992565]\n\tOrdinal0 [0x00E2F8D1+2029777]\n\tBaseThreadInitThunk [0x7603FA29+25]\n\tRtlGetAppContainerNamedObjectPath [0x77027A7E+286]\n\tRtlGetAppContainerNamedObjectPath [0x77027A4E+238]\n\n", "trace": "  File \"c:\\users\\kanaka\\pycharmprojects\\qworkspace\\venv\\lib\\site-packages\\behave\\model.py\", line 1329, in run\n    match.run(runner.context)\n  File \"c:\\users\\kanaka\\pycharmprojects\\qworkspace\\venv\\lib\\site-packages\\behave\\matchers.py\", line 98, in run\n    self.func(context, *args, **kwargs)\n  File \"steps\\ClientDashboard.py\", line 973, in step_impl\n    context.driver.find_element_by_xpath('//*[@id=\"toast-container\"]/div').click()\n  File \"c:\\users\\kanaka\\pycharmprojects\\qworkspace\\venv\\lib\\site-packages\\selenium\\webdriver\\remote\\webdriver.py\", line 484, in find_element_by_xpath\n    return self.find_element(by=By.XPATH, value=xpath)\n  File \"c:\\users\\kanaka\\pycharmprojects\\qworkspace\\venv\\lib\\site-packages\\selenium\\webdriver\\remote\\webdriver.py\", line 1153, in find_element\n    return self.execute(Command.FIND_ELEMENT, {\n  File \"c:\\users\\kanaka\\pycharmprojects\\qworkspace\\venv\\lib\\site-packages\\selenium\\webdriver\\remote\\webdriver.py\", line 400, in execute\n    self.error_handler.check_response(response)\n  File \"c:\\users\\kanaka\\pycharmprojects\\qworkspace\\venv\\lib\\site-packages\\selenium\\webdriver\\remote\\errorhandler.py\", line 236, in check_response\n    raise exception_class(message, screen, stacktrace)\n"}, "attachments": [{"name": "Screenshot", "source": "933ba53c-70bc-4859-bd4b-f20d2ba3d045-attachment.png", "type": "image/png"}, {"name": "Activity has been added successfully", "source": "f036a864-3528-4a24-9dbe-54860dc29961-attachment.attach"}], "start": 1652691893634, "stop": 1652691949715}], "start": 1652691840742, "stop": 1652691949715, "uuid": "fc12a36a-6d09-4af8-958d-c5c4212567e7", "historyId": "e48e7a262e920002e54dc73141e25b76", "fullName": "Verify Client Dashboard: Verify Active activities on Activities screen", "labels": [{"name": "severity", "value": "normal"}, {"name": "feature", "value": "Verify Client Dashboard"}, {"name": "framework", "value": "behave"}, {"name": "language", "value": "cpython3"}]}