{"name": "Verify Coach detail edit functionality on Coaches screen", "status": "broken", "statusDetails": {"message": "selenium.common.exceptions.NoSuchElementException: Message: no such element: Unable to locate element: {\"method\":\"xpath\",\"selector\":\"(//span[text()='Coaches'])[2]\"}\n  (Session info: chrome=101.0.4951.64)\nStacktrace:\nBacktrace:\n\tOrdinal0 [0x00B4B8F3+2406643]\n\tOrdinal0 [0x00ADAF31+1945393]\n\tOrdinal0 [0x009CC748+837448]\n\tOrdinal0 [0x009F92E0+1020640]\n\tOrdinal0 [0x009F957B+1021307]\n\tOrdinal0 [0x00A26372+1205106]\n\tOrdinal0 [0x00A142C4+1131204]\n\tOrdinal0 [0x00A24682+1197698]\n\tOrdinal0 [0x00A14096+1130646]\n\tOrdinal0 [0x009EE636+976438]\n\tOrdinal0 [0x009EF546+980294]\n\tGetHandleVerifier [0x00DB9612+2498066]\n\tGetHandleVerifier [0x00DAC920+2445600]\n\tGetHandleVerifier [0x00BE4F2A+579370]\n\tGetHandleVerifier [0x00BE3D36+574774]\n\tOrdinal0 [0x00AE1C0B+1973259]\n\tOrdinal0 [0x00AE6688+1992328]\n\tOrdinal0 [0x00AE6775+1992565]\n\tOrdinal0 [0x00AEF8D1+2029777]\n\tBaseThreadInitThunk [0x7603FA29+25]\n\tRtlGetAppContainerNamedObjectPath [0x77027A7E+286]\n\tRtlGetAppContainerNamedObjectPath [0x77027A4E+238]\n\n", "trace": "  File \"c:\\users\\kanaka\\pycharmprojects\\qworkspace\\venv\\lib\\site-packages\\behave\\model.py\", line 1329, in run\n    match.run(runner.context)\n  File \"c:\\users\\kanaka\\pycharmprojects\\qworkspace\\venv\\lib\\site-packages\\behave\\matchers.py\", line 98, in run\n    self.func(context, *args, **kwargs)\n  File \"steps\\OpsDashboard.py\", line 596, in step_impl\n    context.driver.find_element_by_xpath(\"(//span[text()='Coaches'])[2]\").click()\n  File \"c:\\users\\kanaka\\pycharmprojects\\qworkspace\\venv\\lib\\site-packages\\selenium\\webdriver\\remote\\webdriver.py\", line 484, in find_element_by_xpath\n    return self.find_element(by=By.XPATH, value=xpath)\n  File \"c:\\users\\kanaka\\pycharmprojects\\qworkspace\\venv\\lib\\site-packages\\selenium\\webdriver\\remote\\webdriver.py\", line 1153, in find_element\n    return self.execute(Command.FIND_ELEMENT, {\n  File \"c:\\users\\kanaka\\pycharmprojects\\qworkspace\\venv\\lib\\site-packages\\selenium\\webdriver\\remote\\webdriver.py\", line 400, in execute\n    self.error_handler.check_response(response)\n  File \"c:\\users\\kanaka\\pycharmprojects\\qworkspace\\venv\\lib\\site-packages\\selenium\\webdriver\\remote\\errorhandler.py\", line 236, in check_response\n    raise exception_class(message, screen, stacktrace)\n"}, "steps": [{"name": "When Select one coach and click on edit", "status": "broken", "statusDetails": {"message": "selenium.common.exceptions.NoSuchElementException: Message: no such element: Unable to locate element: {\"method\":\"xpath\",\"selector\":\"(//span[text()='Coaches'])[2]\"}\n  (Session info: chrome=101.0.4951.64)\nStacktrace:\nBacktrace:\n\tOrdinal0 [0x00B4B8F3+2406643]\n\tOrdinal0 [0x00ADAF31+1945393]\n\tOrdinal0 [0x009CC748+837448]\n\tOrdinal0 [0x009F92E0+1020640]\n\tOrdinal0 [0x009F957B+1021307]\n\tOrdinal0 [0x00A26372+1205106]\n\tOrdinal0 [0x00A142C4+1131204]\n\tOrdinal0 [0x00A24682+1197698]\n\tOrdinal0 [0x00A14096+1130646]\n\tOrdinal0 [0x009EE636+976438]\n\tOrdinal0 [0x009EF546+980294]\n\tGetHandleVerifier [0x00DB9612+2498066]\n\tGetHandleVerifier [0x00DAC920+2445600]\n\tGetHandleVerifier [0x00BE4F2A+579370]\n\tGetHandleVerifier [0x00BE3D36+574774]\n\tOrdinal0 [0x00AE1C0B+1973259]\n\tOrdinal0 [0x00AE6688+1992328]\n\tOrdinal0 [0x00AE6775+1992565]\n\tOrdinal0 [0x00AEF8D1+2029777]\n\tBaseThreadInitThunk [0x7603FA29+25]\n\tRtlGetAppContainerNamedObjectPath [0x77027A7E+286]\n\tRtlGetAppContainerNamedObjectPath [0x77027A4E+238]\n\n", "trace": "  File \"c:\\users\\kanaka\\pycharmprojects\\qworkspace\\venv\\lib\\site-packages\\behave\\model.py\", line 1329, in run\n    match.run(runner.context)\n  File \"c:\\users\\kanaka\\pycharmprojects\\qworkspace\\venv\\lib\\site-packages\\behave\\matchers.py\", line 98, in run\n    self.func(context, *args, **kwargs)\n  File \"steps\\OpsDashboard.py\", line 596, in step_impl\n    context.driver.find_element_by_xpath(\"(//span[text()='Coaches'])[2]\").click()\n  File \"c:\\users\\kanaka\\pycharmprojects\\qworkspace\\venv\\lib\\site-packages\\selenium\\webdriver\\remote\\webdriver.py\", line 484, in find_element_by_xpath\n    return self.find_element(by=By.XPATH, value=xpath)\n  File \"c:\\users\\kanaka\\pycharmprojects\\qworkspace\\venv\\lib\\site-packages\\selenium\\webdriver\\remote\\webdriver.py\", line 1153, in find_element\n    return self.execute(Command.FIND_ELEMENT, {\n  File \"c:\\users\\kanaka\\pycharmprojects\\qworkspace\\venv\\lib\\site-packages\\selenium\\webdriver\\remote\\webdriver.py\", line 400, in execute\n    self.error_handler.check_response(response)\n  File \"c:\\users\\kanaka\\pycharmprojects\\qworkspace\\venv\\lib\\site-packages\\selenium\\webdriver\\remote\\errorhandler.py\", line 236, in check_response\n    raise exception_class(message, screen, stacktrace)\n"}, "start": 1652439601689, "stop": 1652439613715}, {"name": "And Edit the details of Coaches", "status": "skipped", "start": 1652439613717, "stop": 1652439613717}, {"name": "Then Coach details should get updated by ops user", "status": "skipped", "start": 1652439613717, "stop": 1652439613717}], "start": 1652439601685, "stop": 1652439613717, "uuid": "a61ba3cc-2ee3-444b-a683-bb971cdb0087", "historyId": "d0fdffa08a9950279dd52f99bd07c327", "fullName": "Verify Operation Dashboard functionality: Verify Coach detail edit functionality on Coaches screen", "labels": [{"name": "severity", "value": "normal"}, {"name": "feature", "value": "Verify Operation Dashboard functionality"}, {"name": "framework", "value": "behave"}, {"name": "language", "value": "cpython3"}]}