{"name": "Verify Archived activities Activities screen", "status": "broken", "statusDetails": {"message": "selenium.common.exceptions.NoSuchElementException: Message: no such element: Unable to locate element: {\"method\":\"xpath\",\"selector\":\"//a[text()='Archived']\"}\n  (Session info: chrome=101.0.4951.64)\nStacktrace:\nBacktrace:\n\tOrdinal0 [0x00E8B8F3+2406643]\n\tOrdinal0 [0x00E1AF31+1945393]\n\tOrdinal0 [0x00D0C748+837448]\n\tOrdinal0 [0x00D392E0+1020640]\n\tOrdinal0 [0x00D3957B+1021307]\n\tOrdinal0 [0x00D66372+1205106]\n\tOrdinal0 [0x00D542C4+1131204]\n\tOrdinal0 [0x00D64682+1197698]\n\tOrdinal0 [0x00D54096+1130646]\n\tOrdinal0 [0x00D2E636+976438]\n\tOrdinal0 [0x00D2F546+980294]\n\tGetHandleVerifier [0x010F9612+2498066]\n\tGetHandleVerifier [0x010EC920+2445600]\n\tGetHandleVerifier [0x00F24F2A+579370]\n\tGetHandleVerifier [0x00F23D36+574774]\n\tOrdinal0 [0x00E21C0B+1973259]\n\tOrdinal0 [0x00E26688+1992328]\n\tOrdinal0 [0x00E26775+1992565]\n\tOrdinal0 [0x00E2F8D1+2029777]\n\tBaseThreadInitThunk [0x7603FA29+25]\n\tRtlGetAppContainerNamedObjectPath [0x77027A7E+286]\n\tRtlGetAppContainerNamedObjectPath [0x77027A4E+238]\n\n", "trace": "  File \"c:\\users\\kanaka\\pycharmprojects\\qworkspace\\venv\\lib\\site-packages\\behave\\model.py\", line 1329, in run\n    match.run(runner.context)\n  File \"c:\\users\\kanaka\\pycharmprojects\\qworkspace\\venv\\lib\\site-packages\\behave\\matchers.py\", line 98, in run\n    self.func(context, *args, **kwargs)\n  File \"steps\\ClientDashboard.py\", line 981, in step_impl\n    context.driver.find_element_by_xpath(\"//a[text()='Archived']\").click()\n  File \"c:\\users\\kanaka\\pycharmprojects\\qworkspace\\venv\\lib\\site-packages\\selenium\\webdriver\\remote\\webdriver.py\", line 484, in find_element_by_xpath\n    return self.find_element(by=By.XPATH, value=xpath)\n  File \"c:\\users\\kanaka\\pycharmprojects\\qworkspace\\venv\\lib\\site-packages\\selenium\\webdriver\\remote\\webdriver.py\", line 1153, in find_element\n    return self.execute(Command.FIND_ELEMENT, {\n  File \"c:\\users\\kanaka\\pycharmprojects\\qworkspace\\venv\\lib\\site-packages\\selenium\\webdriver\\remote\\webdriver.py\", line 400, in execute\n    self.error_handler.check_response(response)\n  File \"c:\\users\\kanaka\\pycharmprojects\\qworkspace\\venv\\lib\\site-packages\\selenium\\webdriver\\remote\\errorhandler.py\", line 236, in check_response\n    raise exception_class(message, screen, stacktrace)\n"}, "steps": [{"name": "When Click on Archived on activities screen", "status": "broken", "statusDetails": {"message": "selenium.common.exceptions.NoSuchElementException: Message: no such element: Unable to locate element: {\"method\":\"xpath\",\"selector\":\"//a[text()='Archived']\"}\n  (Session info: chrome=101.0.4951.64)\nStacktrace:\nBacktrace:\n\tOrdinal0 [0x00E8B8F3+2406643]\n\tOrdinal0 [0x00E1AF31+1945393]\n\tOrdinal0 [0x00D0C748+837448]\n\tOrdinal0 [0x00D392E0+1020640]\n\tOrdinal0 [0x00D3957B+1021307]\n\tOrdinal0 [0x00D66372+1205106]\n\tOrdinal0 [0x00D542C4+1131204]\n\tOrdinal0 [0x00D64682+1197698]\n\tOrdinal0 [0x00D54096+1130646]\n\tOrdinal0 [0x00D2E636+976438]\n\tOrdinal0 [0x00D2F546+980294]\n\tGetHandleVerifier [0x010F9612+2498066]\n\tGetHandleVerifier [0x010EC920+2445600]\n\tGetHandleVerifier [0x00F24F2A+579370]\n\tGetHandleVerifier [0x00F23D36+574774]\n\tOrdinal0 [0x00E21C0B+1973259]\n\tOrdinal0 [0x00E26688+1992328]\n\tOrdinal0 [0x00E26775+1992565]\n\tOrdinal0 [0x00E2F8D1+2029777]\n\tBaseThreadInitThunk [0x7603FA29+25]\n\tRtlGetAppContainerNamedObjectPath [0x77027A7E+286]\n\tRtlGetAppContainerNamedObjectPath [0x77027A4E+238]\n\n", "trace": "  File \"c:\\users\\kanaka\\pycharmprojects\\qworkspace\\venv\\lib\\site-packages\\behave\\model.py\", line 1329, in run\n    match.run(runner.context)\n  File \"c:\\users\\kanaka\\pycharmprojects\\qworkspace\\venv\\lib\\site-packages\\behave\\matchers.py\", line 98, in run\n    self.func(context, *args, **kwargs)\n  File \"steps\\ClientDashboard.py\", line 981, in step_impl\n    context.driver.find_element_by_xpath(\"//a[text()='Archived']\").click()\n  File \"c:\\users\\kanaka\\pycharmprojects\\qworkspace\\venv\\lib\\site-packages\\selenium\\webdriver\\remote\\webdriver.py\", line 484, in find_element_by_xpath\n    return self.find_element(by=By.XPATH, value=xpath)\n  File \"c:\\users\\kanaka\\pycharmprojects\\qworkspace\\venv\\lib\\site-packages\\selenium\\webdriver\\remote\\webdriver.py\", line 1153, in find_element\n    return self.execute(Command.FIND_ELEMENT, {\n  File \"c:\\users\\kanaka\\pycharmprojects\\qworkspace\\venv\\lib\\site-packages\\selenium\\webdriver\\remote\\webdriver.py\", line 400, in execute\n    self.error_handler.check_response(response)\n  File \"c:\\users\\kanaka\\pycharmprojects\\qworkspace\\venv\\lib\\site-packages\\selenium\\webdriver\\remote\\errorhandler.py\", line 236, in check_response\n    raise exception_class(message, screen, stacktrace)\n"}, "start": 1652691949731, "stop": 1652691956738}, {"name": "Then Archived activities should display on activities screen", "status": "skipped", "start": 1652691956738, "stop": 1652691956738}, {"name": "And Click on Coach recommended archived activity", "status": "skipped", "start": 1652691956738, "stop": 1652691956738}, {"name": "Then Activity detail should display", "status": "skipped", "start": 1652691956738, "stop": 1652691956738}, {"name": "And Click on Coach self archived activity", "status": "skipped", "start": 1652691956738, "stop": 1652691956738}, {"name": "Then Activity detail should display on popup", "status": "skipped", "start": 1652691956738, "stop": 1652691956738}], "start": 1652691949715, "stop": 1652691956738, "uuid": "24d1e6a8-bb9f-43f3-9480-32362a9011bb", "historyId": "d2c8937a69b7dcce8b1c183900011dfa", "fullName": "Verify Client Dashboard: Verify Archived activities Activities screen", "labels": [{"name": "severity", "value": "normal"}, {"name": "feature", "value": "Verify Client Dashboard"}, {"name": "framework", "value": "behave"}, {"name": "language", "value": "cpython3"}]}