{"name": "Verify Chat section under client details screen", "status": "broken", "statusDetails": {"message": "selenium.common.exceptions.ElementClickInterceptedException: Message: element click intercepted: Element <a _ngcontent-ydi-c106=\"\" id=\"archivedTabLink\" class=\"nav-link font-size-8 koho\" style=\"padding: 4px 20px 6px 16px;\">...</a> is not clickable at point (927, 255). Other element would receive the click: <div _ngcontent-ydi-c97=\"\" id=\"sesionduratons\" class=\"d-flex mb-2\">...</div>\n  (Session info: chrome=101.0.4951.64)\nStacktrace:\nBacktrace:\n\tOrdinal0 [0x00B3B8F3+2406643]\n\tOrdinal0 [0x00ACAF31+1945393]\n\tOrdinal0 [0x009BC748+837448]\n\tOrdinal0 [0x009EFA1B+1047067]\n\tOrdinal0 [0x009ED9F8+1038840]\n\tOrdinal0 [0x009EB6DB+1029851]\n\tOrdinal0 [0x009EA439+1025081]\n\tOrdinal0 [0x009E0083+983171]\n\tOrdinal0 [0x00A0427C+1131132]\n\tOrdinal0 [0x009DFA64+981604]\n\tOrdinal0 [0x00A04494+1131668]\n\tOrdinal0 [0x00A14682+1197698]\n\tOrdinal0 [0x00A04096+1130646]\n\tOrdinal0 [0x009DE636+976438]\n\tOrdinal0 [0x009DF546+980294]\n\tGetHandleVerifier [0x00DA9612+2498066]\n\tGetHandleVerifier [0x00D9C920+2445600]\n\tGetHandleVerifier [0x00BD4F2A+579370]\n\tGetHandleVerifier [0x00BD3D36+574774]\n\tOrdinal0 [0x00AD1C0B+1973259]\n\tOrdinal0 [0x00AD6688+1992328]\n\tOrdinal0 [0x00AD6775+1992565]\n\tOrdinal0 [0x00ADF8D1+2029777]\n\tBaseThreadInitThunk [0x7603FA29+25]\n\tRtlGetAppContainerNamedObjectPath [0x77027A7E+286]\n\tRtlGetAppContainerNamedObjectPath [0x77027A4E+238]\n\n", "trace": "  File \"c:\\users\\kanaka\\pycharmprojects\\qworkspace\\venv\\lib\\site-packages\\behave\\model.py\", line 1329, in run\n    match.run(runner.context)\n  File \"c:\\users\\kanaka\\pycharmprojects\\qworkspace\\venv\\lib\\site-packages\\behave\\matchers.py\", line 98, in run\n    self.func(context, *args, **kwargs)\n  File \"steps\\CoachDashboard.py\", line 390, in step_impl\n    context.driver.find_element_by_xpath(\"//a[text()='CHAT']\").click()\n  File \"c:\\users\\kanaka\\pycharmprojects\\qworkspace\\venv\\lib\\site-packages\\selenium\\webdriver\\remote\\webelement.py\", line 80, in click\n    self._execute(Command.CLICK_ELEMENT)\n  File \"c:\\users\\kanaka\\pycharmprojects\\qworkspace\\venv\\lib\\site-packages\\selenium\\webdriver\\remote\\webelement.py\", line 693, in _execute\n    return self._parent.execute(command, params)\n  File \"c:\\users\\kanaka\\pycharmprojects\\qworkspace\\venv\\lib\\site-packages\\selenium\\webdriver\\remote\\webdriver.py\", line 400, in execute\n    self.error_handler.check_response(response)\n  File \"c:\\users\\kanaka\\pycharmprojects\\qworkspace\\venv\\lib\\site-packages\\selenium\\webdriver\\remote\\errorhandler.py\", line 236, in check_response\n    raise exception_class(message, screen, stacktrace)\n"}, "steps": [{"name": "When Send message to client", "status": "broken", "statusDetails": {"message": "selenium.common.exceptions.ElementClickInterceptedException: Message: element click intercepted: Element <a _ngcontent-ydi-c106=\"\" id=\"archivedTabLink\" class=\"nav-link font-size-8 koho\" style=\"padding: 4px 20px 6px 16px;\">...</a> is not clickable at point (927, 255). Other element would receive the click: <div _ngcontent-ydi-c97=\"\" id=\"sesionduratons\" class=\"d-flex mb-2\">...</div>\n  (Session info: chrome=101.0.4951.64)\nStacktrace:\nBacktrace:\n\tOrdinal0 [0x00B3B8F3+2406643]\n\tOrdinal0 [0x00ACAF31+1945393]\n\tOrdinal0 [0x009BC748+837448]\n\tOrdinal0 [0x009EFA1B+1047067]\n\tOrdinal0 [0x009ED9F8+1038840]\n\tOrdinal0 [0x009EB6DB+1029851]\n\tOrdinal0 [0x009EA439+1025081]\n\tOrdinal0 [0x009E0083+983171]\n\tOrdinal0 [0x00A0427C+1131132]\n\tOrdinal0 [0x009DFA64+981604]\n\tOrdinal0 [0x00A04494+1131668]\n\tOrdinal0 [0x00A14682+1197698]\n\tOrdinal0 [0x00A04096+1130646]\n\tOrdinal0 [0x009DE636+976438]\n\tOrdinal0 [0x009DF546+980294]\n\tGetHandleVerifier [0x00DA9612+2498066]\n\tGetHandleVerifier [0x00D9C920+2445600]\n\tGetHandleVerifier [0x00BD4F2A+579370]\n\tGetHandleVerifier [0x00BD3D36+574774]\n\tOrdinal0 [0x00AD1C0B+1973259]\n\tOrdinal0 [0x00AD6688+1992328]\n\tOrdinal0 [0x00AD6775+1992565]\n\tOrdinal0 [0x00ADF8D1+2029777]\n\tBaseThreadInitThunk [0x7603FA29+25]\n\tRtlGetAppContainerNamedObjectPath [0x77027A7E+286]\n\tRtlGetAppContainerNamedObjectPath [0x77027A4E+238]\n\n", "trace": "  File \"c:\\users\\kanaka\\pycharmprojects\\qworkspace\\venv\\lib\\site-packages\\behave\\model.py\", line 1329, in run\n    match.run(runner.context)\n  File \"c:\\users\\kanaka\\pycharmprojects\\qworkspace\\venv\\lib\\site-packages\\behave\\matchers.py\", line 98, in run\n    self.func(context, *args, **kwargs)\n  File \"steps\\CoachDashboard.py\", line 390, in step_impl\n    context.driver.find_element_by_xpath(\"//a[text()='CHAT']\").click()\n  File \"c:\\users\\kanaka\\pycharmprojects\\qworkspace\\venv\\lib\\site-packages\\selenium\\webdriver\\remote\\webelement.py\", line 80, in click\n    self._execute(Command.CLICK_ELEMENT)\n  File \"c:\\users\\kanaka\\pycharmprojects\\qworkspace\\venv\\lib\\site-packages\\selenium\\webdriver\\remote\\webelement.py\", line 693, in _execute\n    return self._parent.execute(command, params)\n  File \"c:\\users\\kanaka\\pycharmprojects\\qworkspace\\venv\\lib\\site-packages\\selenium\\webdriver\\remote\\webdriver.py\", line 400, in execute\n    self.error_handler.check_response(response)\n  File \"c:\\users\\kanaka\\pycharmprojects\\qworkspace\\venv\\lib\\site-packages\\selenium\\webdriver\\remote\\errorhandler.py\", line 236, in check_response\n    raise exception_class(message, screen, stacktrace)\n"}, "start": 1652432052160, "stop": 1652432055284}, {"name": "Then Message should sent", "status": "skipped", "start": 1652432055284, "stop": 1652432055284}], "start": 1652432052160, "stop": 1652432055284, "uuid": "42fb5364-460c-4fc7-ba01-544e96131672", "historyId": "2a1266e12b7f0c0a191fbdcda8d88ceb", "fullName": "Verify  Coach Dashboard: Verify Chat section under client details screen", "labels": [{"name": "severity", "value": "normal"}, {"name": "feature", "value": "Verify  Coach Dashboard"}, {"name": "framework", "value": "behave"}, {"name": "language", "value": "cpython3"}]}