{"name": "Verify enabling/disabling of buttons based on session selected", "status": "broken", "statusDetails": {"message": "selenium.common.exceptions.StaleElementReferenceException: Message: stale element reference: element is not attached to the page document\n  (Session info: chrome=101.0.4951.64)\nStacktrace:\nBacktrace:\n\tOrdinal0 [0x00B4B8F3+2406643]\n\tOrdinal0 [0x00ADAF31+1945393]\n\tOrdinal0 [0x009CC748+837448]\n\tOrdinal0 [0x009CF154+848212]\n\tOrdinal0 [0x009CF012+847890]\n\tOrdinal0 [0x009CF2A0+848544]\n\tOrdinal0 [0x009FF7E3+1046499]\n\tOrdinal0 [0x009FD9F8+1038840]\n\tOrdinal0 [0x009FB6DB+1029851]\n\tOrdinal0 [0x009FA439+1025081]\n\tOrdinal0 [0x009F0083+983171]\n\tOrdinal0 [0x00A1427C+1131132]\n\tOrdinal0 [0x009EFA64+981604]\n\tOrdinal0 [0x00A14494+1131668]\n\tOrdinal0 [0x00A24682+1197698]\n\tOrdinal0 [0x00A14096+1130646]\n\tOrdinal0 [0x009EE636+976438]\n\tOrdinal0 [0x009EF546+980294]\n\tGetHandleVerifier [0x00DB9612+2498066]\n\tGetHandleVerifier [0x00DAC920+2445600]\n\tGetHandleVerifier [0x00BE4F2A+579370]\n\tGetHandleVerifier [0x00BE3D36+574774]\n\tOrdinal0 [0x00AE1C0B+1973259]\n\tOrdinal0 [0x00AE6688+1992328]\n\tOrdinal0 [0x00AE6775+1992565]\n\tOrdinal0 [0x00AEF8D1+2029777]\n\tBaseThreadInitThunk [0x7603FA29+25]\n\tRtlGetAppContainerNamedObjectPath [0x77027A7E+286]\n\tRtlGetAppContainerNamedObjectPath [0x77027A4E+238]\n\n", "trace": "  File \"c:\\users\\kanaka\\pycharmprojects\\qworkspace\\venv\\lib\\site-packages\\behave\\model.py\", line 1329, in run\n    match.run(runner.context)\n  File \"c:\\users\\kanaka\\pycharmprojects\\qworkspace\\venv\\lib\\site-packages\\behave\\matchers.py\", line 98, in run\n    self.func(context, *args, **kwargs)\n  File \"steps\\OpsDashboard.py\", line 55, in step_impl\n    context.driver.find_element_by_xpath('(//div[@aria-colindex=\"1\"])[2]').click()\n  File \"c:\\users\\kanaka\\pycharmprojects\\qworkspace\\venv\\lib\\site-packages\\selenium\\webdriver\\remote\\webelement.py\", line 80, in click\n    self._execute(Command.CLICK_ELEMENT)\n  File \"c:\\users\\kanaka\\pycharmprojects\\qworkspace\\venv\\lib\\site-packages\\selenium\\webdriver\\remote\\webelement.py\", line 693, in _execute\n    return self._parent.execute(command, params)\n  File \"c:\\users\\kanaka\\pycharmprojects\\qworkspace\\venv\\lib\\site-packages\\selenium\\webdriver\\remote\\webdriver.py\", line 400, in execute\n    self.error_handler.check_response(response)\n  File \"c:\\users\\kanaka\\pycharmprojects\\qworkspace\\venv\\lib\\site-packages\\selenium\\webdriver\\remote\\errorhandler.py\", line 236, in check_response\n    raise exception_class(message, screen, stacktrace)\n"}, "steps": [{"name": "When Select session", "status": "passed", "attachments": [{"name": "Selecting session one bye one", "source": "22958b6e-72af-44a0-adc3-c77d65ad605a-attachment.attach"}], "start": 1652439925613, "stop": 1652439928631}, {"name": "Then Related buttons should enable", "status": "broken", "statusDetails": {"message": "selenium.common.exceptions.StaleElementReferenceException: Message: stale element reference: element is not attached to the page document\n  (Session info: chrome=101.0.4951.64)\nStacktrace:\nBacktrace:\n\tOrdinal0 [0x00B4B8F3+2406643]\n\tOrdinal0 [0x00ADAF31+1945393]\n\tOrdinal0 [0x009CC748+837448]\n\tOrdinal0 [0x009CF154+848212]\n\tOrdinal0 [0x009CF012+847890]\n\tOrdinal0 [0x009CF2A0+848544]\n\tOrdinal0 [0x009FF7E3+1046499]\n\tOrdinal0 [0x009FD9F8+1038840]\n\tOrdinal0 [0x009FB6DB+1029851]\n\tOrdinal0 [0x009FA439+1025081]\n\tOrdinal0 [0x009F0083+983171]\n\tOrdinal0 [0x00A1427C+1131132]\n\tOrdinal0 [0x009EFA64+981604]\n\tOrdinal0 [0x00A14494+1131668]\n\tOrdinal0 [0x00A24682+1197698]\n\tOrdinal0 [0x00A14096+1130646]\n\tOrdinal0 [0x009EE636+976438]\n\tOrdinal0 [0x009EF546+980294]\n\tGetHandleVerifier [0x00DB9612+2498066]\n\tGetHandleVerifier [0x00DAC920+2445600]\n\tGetHandleVerifier [0x00BE4F2A+579370]\n\tGetHandleVerifier [0x00BE3D36+574774]\n\tOrdinal0 [0x00AE1C0B+1973259]\n\tOrdinal0 [0x00AE6688+1992328]\n\tOrdinal0 [0x00AE6775+1992565]\n\tOrdinal0 [0x00AEF8D1+2029777]\n\tBaseThreadInitThunk [0x7603FA29+25]\n\tRtlGetAppContainerNamedObjectPath [0x77027A7E+286]\n\tRtlGetAppContainerNamedObjectPath [0x77027A4E+238]\n\n", "trace": "  File \"c:\\users\\kanaka\\pycharmprojects\\qworkspace\\venv\\lib\\site-packages\\behave\\model.py\", line 1329, in run\n    match.run(runner.context)\n  File \"c:\\users\\kanaka\\pycharmprojects\\qworkspace\\venv\\lib\\site-packages\\behave\\matchers.py\", line 98, in run\n    self.func(context, *args, **kwargs)\n  File \"steps\\OpsDashboard.py\", line 55, in step_impl\n    context.driver.find_element_by_xpath('(//div[@aria-colindex=\"1\"])[2]').click()\n  File \"c:\\users\\kanaka\\pycharmprojects\\qworkspace\\venv\\lib\\site-packages\\selenium\\webdriver\\remote\\webelement.py\", line 80, in click\n    self._execute(Command.CLICK_ELEMENT)\n  File \"c:\\users\\kanaka\\pycharmprojects\\qworkspace\\venv\\lib\\site-packages\\selenium\\webdriver\\remote\\webelement.py\", line 693, in _execute\n    return self._parent.execute(command, params)\n  File \"c:\\users\\kanaka\\pycharmprojects\\qworkspace\\venv\\lib\\site-packages\\selenium\\webdriver\\remote\\webdriver.py\", line 400, in execute\n    self.error_handler.check_response(response)\n  File \"c:\\users\\kanaka\\pycharmprojects\\qworkspace\\venv\\lib\\site-packages\\selenium\\webdriver\\remote\\errorhandler.py\", line 236, in check_response\n    raise exception_class(message, screen, stacktrace)\n"}, "start": 1652439928632, "stop": 1652439937474}], "start": 1652439925611, "stop": 1652439937475, "uuid": "4cc282c4-dbdf-4a1d-90bf-350f63380421", "historyId": "5855fb358a5de884ecad6d62d08b5fe1", "fullName": "Verify Operation Dashboard functionality: Verify enabling/disabling of buttons based on session selected", "labels": [{"name": "severity", "value": "normal"}, {"name": "feature", "value": "Verify Operation Dashboard functionality"}, {"name": "framework", "value": "behave"}, {"name": "language", "value": "cpython3"}]}