{"name": "Verify Client profile details are updated properly", "status": "broken", "statusDetails": {"message": "selenium.common.exceptions.NoSuchElementException: Message: no such element: Unable to locate element: {\"method\":\"css selector\",\"selector\":\"[name=\"data[ReferralName]\"]\"}\n  (Session info: chrome=103.0.5060.114)\nStacktrace:\nBacktrace:\n\tOrdinal0 [0x00E66463+2188387]\n\tOrdinal0 [0x00DFE461+1762401]\n\tOrdinal0 [0x00D13D78+802168]\n\tOrdinal0 [0x00D41880+989312]\n\tOrdinal0 [0x00D41B1B+989979]\n\tOrdinal0 [0x00D6E912+1173778]\n\tOrdinal0 [0x00D5C824+1099812]\n\tOrdinal0 [0x00D6CC22+1166370]\n\tOrdinal0 [0x00D5C5F6+1099254]\n\tOrdinal0 [0x00D36BE0+945120]\n\tOrdinal0 [0x00D37AD6+948950]\n\tGetHandleVerifier [0x011071F2+2712546]\n\tGetHandleVerifier [0x010F886D+2652765]\n\tGetHandleVerifier [0x00EF002A+520730]\n\tGetHandleVerifier [0x00EEEE06+516086]\n\tOrdinal0 [0x00E0468B+1787531]\n\tOrdinal0 [0x00E08E88+1805960]\n\tOrdinal0 [0x00E08F75+1806197]\n\tOrdinal0 [0x00E11DF1+1842673]\n\tBaseThreadInitThunk [0x76FEFA29+25]\n\tRtlGetAppContainerNamedObjectPath [0x77387A9E+286]\n\tRtlGetAppContainerNamedObjectPath [0x77387A6E+238]\n\n", "trace": "  File \"c:\\users\\kanaka\\pycharmprojects\\qworkspace\\venv\\lib\\site-packages\\behave\\model.py\", line 1329, in run\n    match.run(runner.context)\n  File \"c:\\users\\kanaka\\pycharmprojects\\qworkspace\\venv\\lib\\site-packages\\behave\\matchers.py\", line 98, in run\n    self.func(context, *args, **kwargs)\n  File \"steps\\ClientDashboard.py\", line 1124, in step_impl\n    context.driver.find_element_by_name(\"data[ReferralName]\").clear()\n  File \"c:\\users\\kanaka\\pycharmprojects\\qworkspace\\venv\\lib\\site-packages\\selenium\\webdriver\\remote\\webdriver.py\", line 604, in find_element_by_name\n    return self.find_element(by=By.NAME, value=name)\n  File \"c:\\users\\kanaka\\pycharmprojects\\qworkspace\\venv\\lib\\site-packages\\selenium\\webdriver\\remote\\webdriver.py\", line 1153, in find_element\n    return self.execute(Command.FIND_ELEMENT, {\n  File \"c:\\users\\kanaka\\pycharmprojects\\qworkspace\\venv\\lib\\site-packages\\selenium\\webdriver\\remote\\webdriver.py\", line 400, in execute\n    self.error_handler.check_response(response)\n  File \"c:\\users\\kanaka\\pycharmprojects\\qworkspace\\venv\\lib\\site-packages\\selenium\\webdriver\\remote\\errorhandler.py\", line 236, in check_response\n    raise exception_class(message, screen, stacktrace)\n"}, "steps": [{"name": "When Enter text in field and click on save", "status": "broken", "statusDetails": {"message": "selenium.common.exceptions.NoSuchElementException: Message: no such element: Unable to locate element: {\"method\":\"css selector\",\"selector\":\"[name=\"data[ReferralName]\"]\"}\n  (Session info: chrome=103.0.5060.114)\nStacktrace:\nBacktrace:\n\tOrdinal0 [0x00E66463+2188387]\n\tOrdinal0 [0x00DFE461+1762401]\n\tOrdinal0 [0x00D13D78+802168]\n\tOrdinal0 [0x00D41880+989312]\n\tOrdinal0 [0x00D41B1B+989979]\n\tOrdinal0 [0x00D6E912+1173778]\n\tOrdinal0 [0x00D5C824+1099812]\n\tOrdinal0 [0x00D6CC22+1166370]\n\tOrdinal0 [0x00D5C5F6+1099254]\n\tOrdinal0 [0x00D36BE0+945120]\n\tOrdinal0 [0x00D37AD6+948950]\n\tGetHandleVerifier [0x011071F2+2712546]\n\tGetHandleVerifier [0x010F886D+2652765]\n\tGetHandleVerifier [0x00EF002A+520730]\n\tGetHandleVerifier [0x00EEEE06+516086]\n\tOrdinal0 [0x00E0468B+1787531]\n\tOrdinal0 [0x00E08E88+1805960]\n\tOrdinal0 [0x00E08F75+1806197]\n\tOrdinal0 [0x00E11DF1+1842673]\n\tBaseThreadInitThunk [0x76FEFA29+25]\n\tRtlGetAppContainerNamedObjectPath [0x77387A9E+286]\n\tRtlGetAppContainerNamedObjectPath [0x77387A6E+238]\n\n", "trace": "  File \"c:\\users\\kanaka\\pycharmprojects\\qworkspace\\venv\\lib\\site-packages\\behave\\model.py\", line 1329, in run\n    match.run(runner.context)\n  File \"c:\\users\\kanaka\\pycharmprojects\\qworkspace\\venv\\lib\\site-packages\\behave\\matchers.py\", line 98, in run\n    self.func(context, *args, **kwargs)\n  File \"steps\\ClientDashboard.py\", line 1124, in step_impl\n    context.driver.find_element_by_name(\"data[ReferralName]\").clear()\n  File \"c:\\users\\kanaka\\pycharmprojects\\qworkspace\\venv\\lib\\site-packages\\selenium\\webdriver\\remote\\webdriver.py\", line 604, in find_element_by_name\n    return self.find_element(by=By.NAME, value=name)\n  File \"c:\\users\\kanaka\\pycharmprojects\\qworkspace\\venv\\lib\\site-packages\\selenium\\webdriver\\remote\\webdriver.py\", line 1153, in find_element\n    return self.execute(Command.FIND_ELEMENT, {\n  File \"c:\\users\\kanaka\\pycharmprojects\\qworkspace\\venv\\lib\\site-packages\\selenium\\webdriver\\remote\\webdriver.py\", line 400, in execute\n    self.error_handler.check_response(response)\n  File \"c:\\users\\kanaka\\pycharmprojects\\qworkspace\\venv\\lib\\site-packages\\selenium\\webdriver\\remote\\errorhandler.py\", line 236, in check_response\n    raise exception_class(message, screen, stacktrace)\n"}, "start": 1657189065094, "stop": 1657189075188}, {"name": "Then Profile should be updated and updated value should display in field", "status": "skipped", "start": 1657189075192, "stop": 1657189075192}], "start": 1657189065092, "stop": 1657189075192, "uuid": "496cb820-db3f-49d4-9be1-1aea5eca7f32", "historyId": "fc09b315eb217158868c568cb5f796e0", "fullName": "Verify Client Dashboard: Verify Client profile details are updated properly", "labels": [{"name": "severity", "value": "normal"}, {"name": "feature", "value": "Verify Client Dashboard"}, {"name": "framework", "value": "behave"}, {"name": "language", "value": "cpython3"}]}