{"name": "Verify Session scheduling functionality", "status": "broken", "statusDetails": {"message": "selenium.common.exceptions.NoSuchElementException: Message: no such element: Unable to locate element: {\"method\":\"xpath\",\"selector\":\"(//span[text()='17'])[2]\"}\n  (Session info: chrome=101.0.4951.64)\nStacktrace:\nBacktrace:\n\tOrdinal0 [0x00E8B8F3+2406643]\n\tOrdinal0 [0x00E1AF31+1945393]\n\tOrdinal0 [0x00D0C748+837448]\n\tOrdinal0 [0x00D392E0+1020640]\n\tOrdinal0 [0x00D3957B+1021307]\n\tOrdinal0 [0x00D66372+1205106]\n\tOrdinal0 [0x00D542C4+1131204]\n\tOrdinal0 [0x00D64682+1197698]\n\tOrdinal0 [0x00D54096+1130646]\n\tOrdinal0 [0x00D2E636+976438]\n\tOrdinal0 [0x00D2F546+980294]\n\tGetHandleVerifier [0x010F9612+2498066]\n\tGetHandleVerifier [0x010EC920+2445600]\n\tGetHandleVerifier [0x00F24F2A+579370]\n\tGetHandleVerifier [0x00F23D36+574774]\n\tOrdinal0 [0x00E21C0B+1973259]\n\tOrdinal0 [0x00E26688+1992328]\n\tOrdinal0 [0x00E26775+1992565]\n\tOrdinal0 [0x00E2F8D1+2029777]\n\tBaseThreadInitThunk [0x7603FA29+25]\n\tRtlGetAppContainerNamedObjectPath [0x77027A7E+286]\n\tRtlGetAppContainerNamedObjectPath [0x77027A4E+238]\n\n", "trace": "  File \"c:\\users\\kanaka\\pycharmprojects\\qworkspace\\venv\\lib\\site-packages\\behave\\model.py\", line 1329, in run\n    match.run(runner.context)\n  File \"c:\\users\\kanaka\\pycharmprojects\\qworkspace\\venv\\lib\\site-packages\\behave\\matchers.py\", line 98, in run\n    self.func(context, *args, **kwargs)\n  File \"steps\\ClientDashboard.py\", line 742, in step_impl\n    rightclick = context.driver.find_element_by_xpath(checkevent)\n  File \"c:\\users\\kanaka\\pycharmprojects\\qworkspace\\venv\\lib\\site-packages\\selenium\\webdriver\\remote\\webdriver.py\", line 484, in find_element_by_xpath\n    return self.find_element(by=By.XPATH, value=xpath)\n  File \"c:\\users\\kanaka\\pycharmprojects\\qworkspace\\venv\\lib\\site-packages\\selenium\\webdriver\\remote\\webdriver.py\", line 1153, in find_element\n    return self.execute(Command.FIND_ELEMENT, {\n  File \"c:\\users\\kanaka\\pycharmprojects\\qworkspace\\venv\\lib\\site-packages\\selenium\\webdriver\\remote\\webdriver.py\", line 400, in execute\n    self.error_handler.check_response(response)\n  File \"c:\\users\\kanaka\\pycharmprojects\\qworkspace\\venv\\lib\\site-packages\\selenium\\webdriver\\remote\\errorhandler.py\", line 236, in check_response\n    raise exception_class(message, screen, stacktrace)\n"}, "steps": [{"name": "When Right click on tomorrow's date and click Schedule a session", "status": "broken", "statusDetails": {"message": "selenium.common.exceptions.NoSuchElementException: Message: no such element: Unable to locate element: {\"method\":\"xpath\",\"selector\":\"(//span[text()='17'])[2]\"}\n  (Session info: chrome=101.0.4951.64)\nStacktrace:\nBacktrace:\n\tOrdinal0 [0x00E8B8F3+2406643]\n\tOrdinal0 [0x00E1AF31+1945393]\n\tOrdinal0 [0x00D0C748+837448]\n\tOrdinal0 [0x00D392E0+1020640]\n\tOrdinal0 [0x00D3957B+1021307]\n\tOrdinal0 [0x00D66372+1205106]\n\tOrdinal0 [0x00D542C4+1131204]\n\tOrdinal0 [0x00D64682+1197698]\n\tOrdinal0 [0x00D54096+1130646]\n\tOrdinal0 [0x00D2E636+976438]\n\tOrdinal0 [0x00D2F546+980294]\n\tGetHandleVerifier [0x010F9612+2498066]\n\tGetHandleVerifier [0x010EC920+2445600]\n\tGetHandleVerifier [0x00F24F2A+579370]\n\tGetHandleVerifier [0x00F23D36+574774]\n\tOrdinal0 [0x00E21C0B+1973259]\n\tOrdinal0 [0x00E26688+1992328]\n\tOrdinal0 [0x00E26775+1992565]\n\tOrdinal0 [0x00E2F8D1+2029777]\n\tBaseThreadInitThunk [0x7603FA29+25]\n\tRtlGetAppContainerNamedObjectPath [0x77027A7E+286]\n\tRtlGetAppContainerNamedObjectPath [0x77027A4E+238]\n\n", "trace": "  File \"c:\\users\\kanaka\\pycharmprojects\\qworkspace\\venv\\lib\\site-packages\\behave\\model.py\", line 1329, in run\n    match.run(runner.context)\n  File \"c:\\users\\kanaka\\pycharmprojects\\qworkspace\\venv\\lib\\site-packages\\behave\\matchers.py\", line 98, in run\n    self.func(context, *args, **kwargs)\n  File \"steps\\ClientDashboard.py\", line 742, in step_impl\n    rightclick = context.driver.find_element_by_xpath(checkevent)\n  File \"c:\\users\\kanaka\\pycharmprojects\\qworkspace\\venv\\lib\\site-packages\\selenium\\webdriver\\remote\\webdriver.py\", line 484, in find_element_by_xpath\n    return self.find_element(by=By.XPATH, value=xpath)\n  File \"c:\\users\\kanaka\\pycharmprojects\\qworkspace\\venv\\lib\\site-packages\\selenium\\webdriver\\remote\\webdriver.py\", line 1153, in find_element\n    return self.execute(Command.FIND_ELEMENT, {\n  File \"c:\\users\\kanaka\\pycharmprojects\\qworkspace\\venv\\lib\\site-packages\\selenium\\webdriver\\remote\\webdriver.py\", line 400, in execute\n    self.error_handler.check_response(response)\n  File \"c:\\users\\kanaka\\pycharmprojects\\qworkspace\\venv\\lib\\site-packages\\selenium\\webdriver\\remote\\errorhandler.py\", line 236, in check_response\n    raise exception_class(message, screen, stacktrace)\n"}, "start": 1652691792321, "stop": 1652691836488}, {"name": "Then Schedule next session calendar should display to client", "status": "skipped", "start": 1652691836488, "stop": 1652691836488}, {"name": "When Select coach available date and time and click on save", "status": "skipped", "start": 1652691836488, "stop": 1652691836488}, {"name": "Then Session should be scheduled with coach", "status": "skipped", "start": 1652691836488, "stop": 1652691836488}], "start": 1652691792321, "stop": 1652691836488, "uuid": "0b6abb7c-7aaa-4ce0-b7c1-fac7643a29f5", "historyId": "9311635c6212121ae918a0caf2d04bed", "fullName": "Verify Client Dashboard: Verify Session scheduling functionality", "labels": [{"name": "severity", "value": "normal"}, {"name": "feature", "value": "Verify Client Dashboard"}, {"name": "framework", "value": "behave"}, {"name": "language", "value": "cpython3"}]}