{"name": "Verify filter functionality on client column on Clients screen", "status": "broken", "statusDetails": {"message": "selenium.common.exceptions.NoSuchElementException: Message: no such element: Unable to locate element: {\"method\":\"xpath\",\"selector\":\"/html/body/app-root/app-client-listing/div/div/div[2]/div/div[1]/ag-grid-angular/div/div[1]/div[2]/div[3]/div[2]/div/div/div/div[1]\"}\n  (Session info: chrome=103.0.5060.66)\nStacktrace:\nBacktrace:\n\tOrdinal0 [0x006B6463+2188387]\n\tOrdinal0 [0x0064E461+1762401]\n\tOrdinal0 [0x00563D78+802168]\n\tOrdinal0 [0x00591880+989312]\n\tOrdinal0 [0x00591B1B+989979]\n\tOrdinal0 [0x005BE912+1173778]\n\tOrdinal0 [0x005AC824+1099812]\n\tOrdinal0 [0x005BCC22+1166370]\n\tOrdinal0 [0x005AC5F6+1099254]\n\tOrdinal0 [0x00586BE0+945120]\n\tOrdinal0 [0x00587AD6+948950]\n\tGetHandleVerifier [0x009571F2+2712546]\n\tGetHandleVerifier [0x0094886D+2652765]\n\tGetHandleVerifier [0x0074002A+520730]\n\tGetHandleVerifier [0x0073EE06+516086]\n\tOrdinal0 [0x0065468B+1787531]\n\tOrdinal0 [0x00658E88+1805960]\n\tOrdinal0 [0x00658F75+1806197]\n\tOrdinal0 [0x00661DF1+1842673]\n\tBaseThreadInitThunk [0x7571FA29+25]\n\tRtlGetAppContainerNamedObjectPath [0x77277A9E+286]\n\tRtlGetAppContainerNamedObjectPath [0x77277A6E+238]\n\n", "trace": "  File \"c:\\users\\kanaka\\pycharmprojects\\qworkspace\\venv\\lib\\site-packages\\behave\\model.py\", line 1329, in run\n    match.run(runner.context)\n  File \"c:\\users\\kanaka\\pycharmprojects\\qworkspace\\venv\\lib\\site-packages\\behave\\matchers.py\", line 98, in run\n    self.func(context, *args, **kwargs)\n  File \"steps\\CoachDashboard.py\", line 182, in step_impl\n    context.driver.find_element_by_xpath(\n  File \"c:\\users\\kanaka\\pycharmprojects\\qworkspace\\venv\\lib\\site-packages\\selenium\\webdriver\\remote\\webdriver.py\", line 484, in find_element_by_xpath\n    return self.find_element(by=By.XPATH, value=xpath)\n  File \"c:\\users\\kanaka\\pycharmprojects\\qworkspace\\venv\\lib\\site-packages\\selenium\\webdriver\\remote\\webdriver.py\", line 1153, in find_element\n    return self.execute(Command.FIND_ELEMENT, {\n  File \"c:\\users\\kanaka\\pycharmprojects\\qworkspace\\venv\\lib\\site-packages\\selenium\\webdriver\\remote\\webdriver.py\", line 400, in execute\n    self.error_handler.check_response(response)\n  File \"c:\\users\\kanaka\\pycharmprojects\\qworkspace\\venv\\lib\\site-packages\\selenium\\webdriver\\remote\\errorhandler.py\", line 236, in check_response\n    raise exception_class(message, screen, stacktrace)\n"}, "steps": [{"name": "When Click on filter and enter \"Qtest_Calendar\" as client name", "status": "broken", "statusDetails": {"message": "selenium.common.exceptions.NoSuchElementException: Message: no such element: Unable to locate element: {\"method\":\"xpath\",\"selector\":\"/html/body/app-root/app-client-listing/div/div/div[2]/div/div[1]/ag-grid-angular/div/div[1]/div[2]/div[3]/div[2]/div/div/div/div[1]\"}\n  (Session info: chrome=103.0.5060.66)\nStacktrace:\nBacktrace:\n\tOrdinal0 [0x006B6463+2188387]\n\tOrdinal0 [0x0064E461+1762401]\n\tOrdinal0 [0x00563D78+802168]\n\tOrdinal0 [0x00591880+989312]\n\tOrdinal0 [0x00591B1B+989979]\n\tOrdinal0 [0x005BE912+1173778]\n\tOrdinal0 [0x005AC824+1099812]\n\tOrdinal0 [0x005BCC22+1166370]\n\tOrdinal0 [0x005AC5F6+1099254]\n\tOrdinal0 [0x00586BE0+945120]\n\tOrdinal0 [0x00587AD6+948950]\n\tGetHandleVerifier [0x009571F2+2712546]\n\tGetHandleVerifier [0x0094886D+2652765]\n\tGetHandleVerifier [0x0074002A+520730]\n\tGetHandleVerifier [0x0073EE06+516086]\n\tOrdinal0 [0x0065468B+1787531]\n\tOrdinal0 [0x00658E88+1805960]\n\tOrdinal0 [0x00658F75+1806197]\n\tOrdinal0 [0x00661DF1+1842673]\n\tBaseThreadInitThunk [0x7571FA29+25]\n\tRtlGetAppContainerNamedObjectPath [0x77277A9E+286]\n\tRtlGetAppContainerNamedObjectPath [0x77277A6E+238]\n\n", "trace": "  File \"c:\\users\\kanaka\\pycharmprojects\\qworkspace\\venv\\lib\\site-packages\\behave\\model.py\", line 1329, in run\n    match.run(runner.context)\n  File \"c:\\users\\kanaka\\pycharmprojects\\qworkspace\\venv\\lib\\site-packages\\behave\\matchers.py\", line 98, in run\n    self.func(context, *args, **kwargs)\n  File \"steps\\CoachDashboard.py\", line 182, in step_impl\n    context.driver.find_element_by_xpath(\n  File \"c:\\users\\kanaka\\pycharmprojects\\qworkspace\\venv\\lib\\site-packages\\selenium\\webdriver\\remote\\webdriver.py\", line 484, in find_element_by_xpath\n    return self.find_element(by=By.XPATH, value=xpath)\n  File \"c:\\users\\kanaka\\pycharmprojects\\qworkspace\\venv\\lib\\site-packages\\selenium\\webdriver\\remote\\webdriver.py\", line 1153, in find_element\n    return self.execute(Command.FIND_ELEMENT, {\n  File \"c:\\users\\kanaka\\pycharmprojects\\qworkspace\\venv\\lib\\site-packages\\selenium\\webdriver\\remote\\webdriver.py\", line 400, in execute\n    self.error_handler.check_response(response)\n  File \"c:\\users\\kanaka\\pycharmprojects\\qworkspace\\venv\\lib\\site-packages\\selenium\\webdriver\\remote\\errorhandler.py\", line 236, in check_response\n    raise exception_class(message, screen, stacktrace)\n"}, "start": 1656508051346, "stop": 1656508074251}, {"name": "Then Client details screen should open", "status": "skipped", "start": 1656508074252, "stop": 1656508074252}], "start": 1656508051345, "stop": 1656508074252, "uuid": "b44e424f-9d02-46e5-98fc-f2b59e49de54", "historyId": "ed433efab29ca65f186e921860372c95", "fullName": "Verify  Coach Dashboard: Verify filter functionality on client column on Clients screen", "labels": [{"name": "severity", "value": "normal"}, {"name": "feature", "value": "Verify  Coach Dashboard"}, {"name": "framework", "value": "behave"}, {"name": "language", "value": "cpython3"}]}