{"name": "Coach Onboarding", "status": "broken", "statusDetails": {"message": "selenium.common.exceptions.NoSuchElementException: Message: no such element: Unable to locate element: {\"method\":\"link text\",\"selector\":\"quantuvos@gmail.com\"}\n  (Session info: chrome=96.0.4664.110)\n\n", "trace": "  File \"C:\\Users\\kanaka\\AppData\\Local\\Programs\\Python\\Python39\\lib\\site-packages\\behave\\model.py\", line 1329, in run\n    match.run(runner.context)\n  File \"C:\\Users\\kanaka\\AppData\\Local\\Programs\\Python\\Python39\\lib\\site-packages\\behave\\matchers.py\", line 98, in run\n    self.func(context, *args, **kwargs)\n  File \"features\\steps\\CoachOnboard.py\", line 73, in step_impl\n    context.driver.find_element_by_link_text(\"quantuvos@gmail.com\").click()\n  File \"C:\\Users\\kanaka\\AppData\\Local\\Programs\\Python\\Python39\\lib\\site-packages\\selenium\\webdriver\\remote\\webdriver.py\", line 428, in find_element_by_link_text\n    return self.find_element(by=By.LINK_TEXT, value=link_text)\n  File \"C:\\Users\\kanaka\\AppData\\Local\\Programs\\Python\\Python39\\lib\\site-packages\\selenium\\webdriver\\remote\\webdriver.py\", line 976, in find_element\n    return self.execute(Command.FIND_ELEMENT, {\n  File \"C:\\Users\\kanaka\\AppData\\Local\\Programs\\Python\\Python39\\lib\\site-packages\\selenium\\webdriver\\remote\\webdriver.py\", line 321, in execute\n    self.error_handler.check_response(response)\n  File \"C:\\Users\\kanaka\\AppData\\Local\\Programs\\Python\\Python39\\lib\\site-packages\\selenium\\webdriver\\remote\\errorhandler.py\", line 242, in check_response\n    raise exception_class(message, screen, stacktrace)\n"}, "steps": [{"name": "Given Laumch the browser", "status": "passed", "start": 1639661990369, "stop": 1639661993997}, {"name": "And open the Hit the temp URL", "status": "passed", "start": 1639661993997, "stop": 1639662003497}, {"name": "And Copy the temp email address", "status": "passed", "start": 1639662003497, "stop": 1639662018650}, {"name": "And Login as operation user", "status": "passed", "start": 1639662018650, "stop": 1639662046869}, {"name": "And Send Invitation to coach", "status": "passed", "start": 1639662046870, "stop": 1639662080718}, {"name": "And Again go to temp", "status": "passed", "start": 1639662080719, "stop": 1639662090814}, {"name": "And select mail and Click on Start", "status": "broken", "statusDetails": {"message": "selenium.common.exceptions.NoSuchElementException: Message: no such element: Unable to locate element: {\"method\":\"link text\",\"selector\":\"quantuvos@gmail.com\"}\n  (Session info: chrome=96.0.4664.110)\n\n", "trace": "  File \"C:\\Users\\kanaka\\AppData\\Local\\Programs\\Python\\Python39\\lib\\site-packages\\behave\\model.py\", line 1329, in run\n    match.run(runner.context)\n  File \"C:\\Users\\kanaka\\AppData\\Local\\Programs\\Python\\Python39\\lib\\site-packages\\behave\\matchers.py\", line 98, in run\n    self.func(context, *args, **kwargs)\n  File \"features\\steps\\CoachOnboard.py\", line 73, in step_impl\n    context.driver.find_element_by_link_text(\"quantuvos@gmail.com\").click()\n  File \"C:\\Users\\kanaka\\AppData\\Local\\Programs\\Python\\Python39\\lib\\site-packages\\selenium\\webdriver\\remote\\webdriver.py\", line 428, in find_element_by_link_text\n    return self.find_element(by=By.LINK_TEXT, value=link_text)\n  File \"C:\\Users\\kanaka\\AppData\\Local\\Programs\\Python\\Python39\\lib\\site-packages\\selenium\\webdriver\\remote\\webdriver.py\", line 976, in find_element\n    return self.execute(Command.FIND_ELEMENT, {\n  File \"C:\\Users\\kanaka\\AppData\\Local\\Programs\\Python\\Python39\\lib\\site-packages\\selenium\\webdriver\\remote\\webdriver.py\", line 321, in execute\n    self.error_handler.check_response(response)\n  File \"C:\\Users\\kanaka\\AppData\\Local\\Programs\\Python\\Python39\\lib\\site-packages\\selenium\\webdriver\\remote\\errorhandler.py\", line 242, in check_response\n    raise exception_class(message, screen, stacktrace)\n"}, "start": 1639662090815, "stop": 1639662101724}, {"name": "And Confirm the email address", "status": "skipped", "start": 1639662101726, "stop": 1639662101726}, {"name": "And Once again go to temp", "status": "skipped", "start": 1639662101726, "stop": 1639662101726}, {"name": "And Select mail and click on confirm", "status": "skipped", "start": 1639662101726, "stop": 1639662101726}, {"name": "And Set the password", "status": "skipped", "start": 1639662101726, "stop": 1639662101726}, {"name": "And login as coach user", "status": "skipped", "start": 1639662101726, "stop": 1639662101726}, {"name": "And Fill the coach detail", "status": "skipped", "start": 1639662101726, "stop": 1639662101726}, {"name": "Then Coach profile submitted", "status": "skipped", "start": 1639662101726, "stop": 1639662101726}], "start": 1639661990334, "stop": 1639662101726, "uuid": "2b8075e5-51f9-4446-aec2-7ea7a9ad88c2", "historyId": "add8773326f89f9ed6e0e479e4941b4d", "fullName": "Onboard of a new coach: Coach Onboarding", "labels": [{"name": "severity", "value": "normal"}, {"name": "feature", "value": "Onboard of a new coach"}, {"name": "framework", "value": "behave"}, {"name": "language", "value": "cpython3"}]}