{"name": "Coach Onboarding", "status": "broken", "statusDetails": {"message": "selenium.common.exceptions.ElementClickInterceptedException: Message: element click intercepted: Element <button _ngcontent-crm-c63=\"\" type=\"submit\" id=\"coachbtn\" class=\"client-btn-submit btn font-size-9 border-radius-2 w-25 koho p-2 white-color\" disabled=\"\">...</button> is not clickable at point (585, 397). Other element would receive the click: <div _ngcontent-crm-c63=\"\" class=\"form-group d-flex justify-content-center\">...</div>\n  (Session info: chrome=96.0.4664.110)\n\n", "trace": "  File \"C:\\Users\\kanaka\\AppData\\Local\\Programs\\Python\\Python39\\lib\\site-packages\\behave\\model.py\", line 1329, in run\n    match.run(runner.context)\n  File \"C:\\Users\\kanaka\\AppData\\Local\\Programs\\Python\\Python39\\lib\\site-packages\\behave\\matchers.py\", line 98, in run\n    self.func(context, *args, **kwargs)\n  File \"features\\steps\\CoachOnboard.py\", line 60, in step_impl\n    context.driver.find_element_by_id(\"coachbtn\").click()\n  File \"C:\\Users\\kanaka\\AppData\\Local\\Programs\\Python\\Python39\\lib\\site-packages\\selenium\\webdriver\\remote\\webelement.py\", line 80, in click\n    self._execute(Command.CLICK_ELEMENT)\n  File \"C:\\Users\\kanaka\\AppData\\Local\\Programs\\Python\\Python39\\lib\\site-packages\\selenium\\webdriver\\remote\\webelement.py\", line 633, in _execute\n    return self._parent.execute(command, params)\n  File \"C:\\Users\\kanaka\\AppData\\Local\\Programs\\Python\\Python39\\lib\\site-packages\\selenium\\webdriver\\remote\\webdriver.py\", line 321, in execute\n    self.error_handler.check_response(response)\n  File \"C:\\Users\\kanaka\\AppData\\Local\\Programs\\Python\\Python39\\lib\\site-packages\\selenium\\webdriver\\remote\\errorhandler.py\", line 242, in check_response\n    raise exception_class(message, screen, stacktrace)\n"}, "steps": [{"name": "Given Laumch the browser", "status": "passed", "start": 1639655330457, "stop": 1639655334645}, {"name": "And open the Hit the temp URL", "status": "passed", "start": 1639655334646, "stop": 1639655342407}, {"name": "And Copy the temp email address", "status": "passed", "start": 1639655342408, "stop": 1639655357980}, {"name": "And Login as operation user", "status": "passed", "start": 1639655357980, "stop": 1639655386929}, {"name": "And Send Invitation to coach", "status": "broken", "statusDetails": {"message": "selenium.common.exceptions.ElementClickInterceptedException: Message: element click intercepted: Element <button _ngcontent-crm-c63=\"\" type=\"submit\" id=\"coachbtn\" class=\"client-btn-submit btn font-size-9 border-radius-2 w-25 koho p-2 white-color\" disabled=\"\">...</button> is not clickable at point (585, 397). Other element would receive the click: <div _ngcontent-crm-c63=\"\" class=\"form-group d-flex justify-content-center\">...</div>\n  (Session info: chrome=96.0.4664.110)\n\n", "trace": "  File \"C:\\Users\\kanaka\\AppData\\Local\\Programs\\Python\\Python39\\lib\\site-packages\\behave\\model.py\", line 1329, in run\n    match.run(runner.context)\n  File \"C:\\Users\\kanaka\\AppData\\Local\\Programs\\Python\\Python39\\lib\\site-packages\\behave\\matchers.py\", line 98, in run\n    self.func(context, *args, **kwargs)\n  File \"features\\steps\\CoachOnboard.py\", line 60, in step_impl\n    context.driver.find_element_by_id(\"coachbtn\").click()\n  File \"C:\\Users\\kanaka\\AppData\\Local\\Programs\\Python\\Python39\\lib\\site-packages\\selenium\\webdriver\\remote\\webelement.py\", line 80, in click\n    self._execute(Command.CLICK_ELEMENT)\n  File \"C:\\Users\\kanaka\\AppData\\Local\\Programs\\Python\\Python39\\lib\\site-packages\\selenium\\webdriver\\remote\\webelement.py\", line 633, in _execute\n    return self._parent.execute(command, params)\n  File \"C:\\Users\\kanaka\\AppData\\Local\\Programs\\Python\\Python39\\lib\\site-packages\\selenium\\webdriver\\remote\\webdriver.py\", line 321, in execute\n    self.error_handler.check_response(response)\n  File \"C:\\Users\\kanaka\\AppData\\Local\\Programs\\Python\\Python39\\lib\\site-packages\\selenium\\webdriver\\remote\\errorhandler.py\", line 242, in check_response\n    raise exception_class(message, screen, stacktrace)\n"}, "start": 1639655386929, "stop": 1639655431754}, {"name": "And Again go to temp", "status": "skipped", "start": 1639655431756, "stop": 1639655431756}, {"name": "And select mail and Click on Start", "status": "skipped", "start": 1639655431756, "stop": 1639655431756}, {"name": "And Confirm the email address", "status": "skipped", "start": 1639655431756, "stop": 1639655431756}, {"name": "And Once again go to temp", "status": "skipped", "start": 1639655431756, "stop": 1639655431756}, {"name": "And Select mail and click on confirm", "status": "skipped", "start": 1639655431756, "stop": 1639655431756}, {"name": "And Set the password", "status": "skipped", "start": 1639655431756, "stop": 1639655431756}, {"name": "And login as coach user", "status": "skipped", "start": 1639655431756, "stop": 1639655431756}, {"name": "And Fill the coach detail", "status": "skipped", "start": 1639655431756, "stop": 1639655431756}, {"name": "Then Coach profile submitted", "status": "skipped", "start": 1639655431756, "stop": 1639655431756}], "start": 1639655330444, "stop": 1639655431756, "uuid": "46417af9-3605-42a2-973a-960fedf522e9", "historyId": "add8773326f89f9ed6e0e479e4941b4d", "fullName": "Onboard of a new coach: Coach Onboarding", "labels": [{"name": "severity", "value": "normal"}, {"name": "feature", "value": "Onboard of a new coach"}, {"name": "framework", "value": "behave"}, {"name": "language", "value": "cpython3"}]}