{"name": "Verify Active activities on Activities screen", "status": "broken", "statusDetails": {"message": "selenium.common.exceptions.ElementNotInteractableException: Message: element not interactable\n  (Session info: chrome=101.0.4951.54)\nStacktrace:\nBacktrace:\n\tOrdinal0 [0x00727413+2389011]\n\tOrdinal0 [0x006B9F61+1941345]\n\tOrdinal0 [0x005AC520+836896]\n\tOrdinal0 [0x005DA1F3+1024499]\n\tOrdinal0 [0x005CFF93+982931]\n\tOrdinal0 [0x005F414C+1130828]\n\tOrdinal0 [0x005CF974+981364]\n\tOrdinal0 [0x005F4364+1131364]\n\tOrdinal0 [0x00604302+1196802]\n\tOrdinal0 [0x005F3F66+1130342]\n\tOrdinal0 [0x005CE546+976198]\n\tOrdinal0 [0x005CF456+980054]\n\tGetHandleVerifier [0x008D9632+1727522]\n\tGetHandleVerifier [0x0098BA4D+2457661]\n\tGetHandleVerifier [0x007BEB81+569713]\n\tGetHandleVerifier [0x007BDD76+566118]\n\tOrdinal0 [0x006C0B2B+1968939]\n\tOrdinal0 [0x006C5988+1989000]\n\tOrdinal0 [0x006C5A75+1989237]\n\tOrdinal0 [0x006CECB1+2026673]\n\tBaseThreadInitThunk [0x7603FA29+25]\n\tRtlGetAppContainerNamedObjectPath [0x77027A7E+286]\n\tRtlGetAppContainerNamedObjectPath [0x77027A4E+238]\n\n", "trace": "  File \"c:\\users\\kanaka\\pycharmprojects\\qworkspace\\venv\\lib\\site-packages\\behave\\model.py\", line 1329, in run\n    match.run(runner.context)\n  File \"c:\\users\\kanaka\\pycharmprojects\\qworkspace\\venv\\lib\\site-packages\\behave\\matchers.py\", line 98, in run\n    self.func(context, *args, **kwargs)\n  File \"features\\steps\\ClientDashboard.py\", line 865, in step_impl\n    context.driver.find_element_by_xpath(\"//a[text()='ADD']\").click()\n  File \"c:\\users\\kanaka\\pycharmprojects\\qworkspace\\venv\\lib\\site-packages\\selenium\\webdriver\\remote\\webelement.py\", line 80, in click\n    self._execute(Command.CLICK_ELEMENT)\n  File \"c:\\users\\kanaka\\pycharmprojects\\qworkspace\\venv\\lib\\site-packages\\selenium\\webdriver\\remote\\webelement.py\", line 693, in _execute\n    return self._parent.execute(command, params)\n  File \"c:\\users\\kanaka\\pycharmprojects\\qworkspace\\venv\\lib\\site-packages\\selenium\\webdriver\\remote\\webdriver.py\", line 400, in execute\n    self.error_handler.check_response(response)\n  File \"c:\\users\\kanaka\\pycharmprojects\\qworkspace\\venv\\lib\\site-packages\\selenium\\webdriver\\remote\\errorhandler.py\", line 236, in check_response\n    raise exception_class(message, screen, stacktrace)\n"}, "steps": [{"name": "When Click on Active", "status": "passed", "start": 1652260539781, "stop": 1652260539782}, {"name": "Then Active activities should display", "status": "passed", "attachments": [{"name": "Screenshot", "source": "cb1900a3-4c2f-46ec-a443-431dfa34347b-attachment.png", "type": "image/png"}, {"name": "Archived selected", "source": "81f76d86-2355-4b42-8b05-1fbb3de57825-attachment.attach"}], "start": 1652260539782, "stop": 1652260545012}, {"name": "When Click on Coach recommended active activity", "status": "passed", "attachments": [{"name": "Coach recommended Active activities are present", "source": "d7fff62a-007f-4092-8991-6cef9cd80f50-attachment.attach"}], "start": 1652260545012, "stop": 1652260554243}, {"name": "Then Activity detail should display and Complete button should display", "status": "passed", "attachments": [{"name": "Screenshot", "source": "0c7f3a31-ef1b-4d43-a12e-30c28ca0a5c9-attachment.png", "type": "image/png"}, {"name": "Activity details are displayed", "source": "6db27bbf-cbb0-45f7-a55b-8512821e0ccd-attachment.attach"}, {"name": "Button displayed > Complete,Open and Close", "source": "a47a3ad0-92fc-438c-88b5-0e63634ed905-attachment.attach"}], "start": 1652260554244, "stop": 1652260562922}, {"name": "When Click on self active activity", "status": "passed", "attachments": [{"name": "Active self activities are present", "source": "4d62b902-bc1b-4520-ae99-94624f5f182a-attachment.attach"}, {"name": "No active self activities", "source": "4bf81601-8e66-437f-81bc-e6e2ed7418c8-attachment.attach"}], "start": 1652260562922, "stop": 1652260575089}, {"name": "Then Activity detail should display and Complete and Delete button should display", "status": "passed", "attachments": [{"name": "Screenshot", "source": "9a4d3b77-fa29-4b58-aec4-758b51bca6d2-attachment.png", "type": "image/png"}, {"name": "Error : displaying self activity details", "source": "09a0c4d1-d04f-4293-8cdf-4d882ca31ce0-attachment.attach"}], "start": 1652260575090, "stop": 1652260584474}, {"name": "And Click on Add", "status": "broken", "statusDetails": {"message": "selenium.common.exceptions.ElementNotInteractableException: Message: element not interactable\n  (Session info: chrome=101.0.4951.54)\nStacktrace:\nBacktrace:\n\tOrdinal0 [0x00727413+2389011]\n\tOrdinal0 [0x006B9F61+1941345]\n\tOrdinal0 [0x005AC520+836896]\n\tOrdinal0 [0x005DA1F3+1024499]\n\tOrdinal0 [0x005CFF93+982931]\n\tOrdinal0 [0x005F414C+1130828]\n\tOrdinal0 [0x005CF974+981364]\n\tOrdinal0 [0x005F4364+1131364]\n\tOrdinal0 [0x00604302+1196802]\n\tOrdinal0 [0x005F3F66+1130342]\n\tOrdinal0 [0x005CE546+976198]\n\tOrdinal0 [0x005CF456+980054]\n\tGetHandleVerifier [0x008D9632+1727522]\n\tGetHandleVerifier [0x0098BA4D+2457661]\n\tGetHandleVerifier [0x007BEB81+569713]\n\tGetHandleVerifier [0x007BDD76+566118]\n\tOrdinal0 [0x006C0B2B+1968939]\n\tOrdinal0 [0x006C5988+1989000]\n\tOrdinal0 [0x006C5A75+1989237]\n\tOrdinal0 [0x006CECB1+2026673]\n\tBaseThreadInitThunk [0x7603FA29+25]\n\tRtlGetAppContainerNamedObjectPath [0x77027A7E+286]\n\tRtlGetAppContainerNamedObjectPath [0x77027A4E+238]\n\n", "trace": "  File \"c:\\users\\kanaka\\pycharmprojects\\qworkspace\\venv\\lib\\site-packages\\behave\\model.py\", line 1329, in run\n    match.run(runner.context)\n  File \"c:\\users\\kanaka\\pycharmprojects\\qworkspace\\venv\\lib\\site-packages\\behave\\matchers.py\", line 98, in run\n    self.func(context, *args, **kwargs)\n  File \"features\\steps\\ClientDashboard.py\", line 865, in step_impl\n    context.driver.find_element_by_xpath(\"//a[text()='ADD']\").click()\n  File \"c:\\users\\kanaka\\pycharmprojects\\qworkspace\\venv\\lib\\site-packages\\selenium\\webdriver\\remote\\webelement.py\", line 80, in click\n    self._execute(Command.CLICK_ELEMENT)\n  File \"c:\\users\\kanaka\\pycharmprojects\\qworkspace\\venv\\lib\\site-packages\\selenium\\webdriver\\remote\\webelement.py\", line 693, in _execute\n    return self._parent.execute(command, params)\n  File \"c:\\users\\kanaka\\pycharmprojects\\qworkspace\\venv\\lib\\site-packages\\selenium\\webdriver\\remote\\webdriver.py\", line 400, in execute\n    self.error_handler.check_response(response)\n  File \"c:\\users\\kanaka\\pycharmprojects\\qworkspace\\venv\\lib\\site-packages\\selenium\\webdriver\\remote\\errorhandler.py\", line 236, in check_response\n    raise exception_class(message, screen, stacktrace)\n"}, "start": 1652260584474, "stop": 1652260591892}, {"name": "Then Screen should navigate to Network Q screen", "status": "skipped", "start": 1652260591894, "stop": 1652260591894}, {"name": "And Add Self activity for client", "status": "skipped", "start": 1652260591894, "stop": 1652260591894}, {"name": "Then Proper toaster messgae should display", "status": "skipped", "start": 1652260591894, "stop": 1652260591894}], "start": 1652260539779, "stop": 1652260591894, "uuid": "4a0a103d-6c79-4f7b-9a41-603760f87624", "historyId": "e48e7a262e920002e54dc73141e25b76", "fullName": "Verify Client Dashboard: Verify Active activities on Activities screen", "labels": [{"name": "severity", "value": "normal"}, {"name": "feature", "value": "Verify Client Dashboard"}, {"name": "framework", "value": "behave"}, {"name": "language", "value": "cpython3"}]}