{"name": "Verify Sessions screen is displayed", "status": "broken", "statusDetails": {"message": "selenium.common.exceptions.NoSuchElementException: Message: no such element: Unable to locate element: {\"method\":\"xpath\",\"selector\":\"//span[text()='Sessions']\"}\n  (Session info: chrome=101.0.4951.54)\nStacktrace:\nBacktrace:\n\tOrdinal0 [0x00727413+2389011]\n\tOrdinal0 [0x006B9F61+1941345]\n\tOrdinal0 [0x005AC658+837208]\n\tOrdinal0 [0x005D91DD+1020381]\n\tOrdinal0 [0x005D949B+1021083]\n\tOrdinal0 [0x00606032+1204274]\n\tOrdinal0 [0x005F4194+1130900]\n\tOrdinal0 [0x00604302+1196802]\n\tOrdinal0 [0x005F3F66+1130342]\n\tOrdinal0 [0x005CE546+976198]\n\tOrdinal0 [0x005CF456+980054]\n\tGetHandleVerifier [0x008D9632+1727522]\n\tGetHandleVerifier [0x0098BA4D+2457661]\n\tGetHandleVerifier [0x007BEB81+569713]\n\tGetHandleVerifier [0x007BDD76+566118]\n\tOrdinal0 [0x006C0B2B+1968939]\n\tOrdinal0 [0x006C5988+1989000]\n\tOrdinal0 [0x006C5A75+1989237]\n\tOrdinal0 [0x006CECB1+2026673]\n\tBaseThreadInitThunk [0x7603FA29+25]\n\tRtlGetAppContainerNamedObjectPath [0x77027A7E+286]\n\tRtlGetAppContainerNamedObjectPath [0x77027A4E+238]\n\n", "trace": "  File \"c:\\users\\kanaka\\pycharmprojects\\qworkspace\\venv\\lib\\site-packages\\behave\\model.py\", line 1329, in run\n    match.run(runner.context)\n  File \"c:\\users\\kanaka\\pycharmprojects\\qworkspace\\venv\\lib\\site-packages\\behave\\matchers.py\", line 98, in run\n    self.func(context, *args, **kwargs)\n  File \"features\\steps\\ClientDashboard.py\", line 428, in step_impl\n    context.driver.find_element_by_xpath(\"//span[text()='Sessions']\").click()\n  File \"c:\\users\\kanaka\\pycharmprojects\\qworkspace\\venv\\lib\\site-packages\\selenium\\webdriver\\remote\\webdriver.py\", line 484, in find_element_by_xpath\n    return self.find_element(by=By.XPATH, value=xpath)\n  File \"c:\\users\\kanaka\\pycharmprojects\\qworkspace\\venv\\lib\\site-packages\\selenium\\webdriver\\remote\\webdriver.py\", line 1153, in find_element\n    return self.execute(Command.FIND_ELEMENT, {\n  File \"c:\\users\\kanaka\\pycharmprojects\\qworkspace\\venv\\lib\\site-packages\\selenium\\webdriver\\remote\\webdriver.py\", line 400, in execute\n    self.error_handler.check_response(response)\n  File \"c:\\users\\kanaka\\pycharmprojects\\qworkspace\\venv\\lib\\site-packages\\selenium\\webdriver\\remote\\errorhandler.py\", line 236, in check_response\n    raise exception_class(message, screen, stacktrace)\n"}, "steps": [{"name": "When Click on Sessions", "status": "broken", "statusDetails": {"message": "selenium.common.exceptions.NoSuchElementException: Message: no such element: Unable to locate element: {\"method\":\"xpath\",\"selector\":\"//span[text()='Sessions']\"}\n  (Session info: chrome=101.0.4951.54)\nStacktrace:\nBacktrace:\n\tOrdinal0 [0x00727413+2389011]\n\tOrdinal0 [0x006B9F61+1941345]\n\tOrdinal0 [0x005AC658+837208]\n\tOrdinal0 [0x005D91DD+1020381]\n\tOrdinal0 [0x005D949B+1021083]\n\tOrdinal0 [0x00606032+1204274]\n\tOrdinal0 [0x005F4194+1130900]\n\tOrdinal0 [0x00604302+1196802]\n\tOrdinal0 [0x005F3F66+1130342]\n\tOrdinal0 [0x005CE546+976198]\n\tOrdinal0 [0x005CF456+980054]\n\tGetHandleVerifier [0x008D9632+1727522]\n\tGetHandleVerifier [0x0098BA4D+2457661]\n\tGetHandleVerifier [0x007BEB81+569713]\n\tGetHandleVerifier [0x007BDD76+566118]\n\tOrdinal0 [0x006C0B2B+1968939]\n\tOrdinal0 [0x006C5988+1989000]\n\tOrdinal0 [0x006C5A75+1989237]\n\tOrdinal0 [0x006CECB1+2026673]\n\tBaseThreadInitThunk [0x7603FA29+25]\n\tRtlGetAppContainerNamedObjectPath [0x77027A7E+286]\n\tRtlGetAppContainerNamedObjectPath [0x77027A4E+238]\n\n", "trace": "  File \"c:\\users\\kanaka\\pycharmprojects\\qworkspace\\venv\\lib\\site-packages\\behave\\model.py\", line 1329, in run\n    match.run(runner.context)\n  File \"c:\\users\\kanaka\\pycharmprojects\\qworkspace\\venv\\lib\\site-packages\\behave\\matchers.py\", line 98, in run\n    self.func(context, *args, **kwargs)\n  File \"features\\steps\\ClientDashboard.py\", line 428, in step_impl\n    context.driver.find_element_by_xpath(\"//span[text()='Sessions']\").click()\n  File \"c:\\users\\kanaka\\pycharmprojects\\qworkspace\\venv\\lib\\site-packages\\selenium\\webdriver\\remote\\webdriver.py\", line 484, in find_element_by_xpath\n    return self.find_element(by=By.XPATH, value=xpath)\n  File \"c:\\users\\kanaka\\pycharmprojects\\qworkspace\\venv\\lib\\site-packages\\selenium\\webdriver\\remote\\webdriver.py\", line 1153, in find_element\n    return self.execute(Command.FIND_ELEMENT, {\n  File \"c:\\users\\kanaka\\pycharmprojects\\qworkspace\\venv\\lib\\site-packages\\selenium\\webdriver\\remote\\webdriver.py\", line 400, in execute\n    self.error_handler.check_response(response)\n  File \"c:\\users\\kanaka\\pycharmprojects\\qworkspace\\venv\\lib\\site-packages\\selenium\\webdriver\\remote\\errorhandler.py\", line 236, in check_response\n    raise exception_class(message, screen, stacktrace)\n"}, "start": 1652259943283, "stop": 1652259948364}, {"name": "Then Sessions screen should be open", "status": "skipped", "start": 1652259948364, "stop": 1652259948364}], "start": 1652259943281, "stop": 1652259948364, "uuid": "1bccdcdb-6d5f-45d0-802b-d2d99814c273", "historyId": "5a6390814f206d55b8adac5e753e4bb6", "fullName": "Verify Client Dashboard: Verify Sessions screen is displayed", "labels": [{"name": "severity", "value": "normal"}, {"name": "feature", "value": "Verify Client Dashboard"}, {"name": "framework", "value": "behave"}, {"name": "language", "value": "cpython3"}]}