{"name": "Verify Client profile details are updated properly", "status": "broken", "statusDetails": {"message": "selenium.common.exceptions.ElementClickInterceptedException: Message: element click intercepted: Element is not clickable at point (919, 1676)\n  (Session info: chrome=101.0.4951.54)\nStacktrace:\nBacktrace:\n\tOrdinal0 [0x00727413+2389011]\n\tOrdinal0 [0x006B9F61+1941345]\n\tOrdinal0 [0x005AC658+837208]\n\tOrdinal0 [0x005DF8AF+1046703]\n\tOrdinal0 [0x005DD8D6+1038550]\n\tOrdinal0 [0x005DB5EB+1029611]\n\tOrdinal0 [0x005DA359+1024857]\n\tOrdinal0 [0x005CFF93+982931]\n\tOrdinal0 [0x005F414C+1130828]\n\tOrdinal0 [0x005CF974+981364]\n\tOrdinal0 [0x005F4364+1131364]\n\tOrdinal0 [0x00604302+1196802]\n\tOrdinal0 [0x005F3F66+1130342]\n\tOrdinal0 [0x005CE546+976198]\n\tOrdinal0 [0x005CF456+980054]\n\tGetHandleVerifier [0x008D9632+1727522]\n\tGetHandleVerifier [0x0098BA4D+2457661]\n\tGetHandleVerifier [0x007BEB81+569713]\n\tGetHandleVerifier [0x007BDD76+566118]\n\tOrdinal0 [0x006C0B2B+1968939]\n\tOrdinal0 [0x006C5988+1989000]\n\tOrdinal0 [0x006C5A75+1989237]\n\tOrdinal0 [0x006CECB1+2026673]\n\tBaseThreadInitThunk [0x7603FA29+25]\n\tRtlGetAppContainerNamedObjectPath [0x77027A7E+286]\n\tRtlGetAppContainerNamedObjectPath [0x77027A4E+238]\n\n", "trace": "  File \"c:\\users\\kanaka\\pycharmprojects\\qworkspace\\venv\\lib\\site-packages\\behave\\model.py\", line 1329, in run\n    match.run(runner.context)\n  File \"c:\\users\\kanaka\\pycharmprojects\\qworkspace\\venv\\lib\\site-packages\\behave\\matchers.py\", line 98, in run\n    self.func(context, *args, **kwargs)\n  File \"features\\steps\\ClientDashboard.py\", line 1048, in step_impl\n    context.driver.find_element_by_xpath(\"//button[@name='data[submit]']\").click()\n  File \"c:\\users\\kanaka\\pycharmprojects\\qworkspace\\venv\\lib\\site-packages\\selenium\\webdriver\\remote\\webelement.py\", line 80, in click\n    self._execute(Command.CLICK_ELEMENT)\n  File \"c:\\users\\kanaka\\pycharmprojects\\qworkspace\\venv\\lib\\site-packages\\selenium\\webdriver\\remote\\webelement.py\", line 693, in _execute\n    return self._parent.execute(command, params)\n  File \"c:\\users\\kanaka\\pycharmprojects\\qworkspace\\venv\\lib\\site-packages\\selenium\\webdriver\\remote\\webdriver.py\", line 400, in execute\n    self.error_handler.check_response(response)\n  File \"c:\\users\\kanaka\\pycharmprojects\\qworkspace\\venv\\lib\\site-packages\\selenium\\webdriver\\remote\\errorhandler.py\", line 236, in check_response\n    raise exception_class(message, screen, stacktrace)\n"}, "steps": [{"name": "When Enter text in field and click on save", "status": "broken", "statusDetails": {"message": "selenium.common.exceptions.ElementClickInterceptedException: Message: element click intercepted: Element is not clickable at point (919, 1676)\n  (Session info: chrome=101.0.4951.54)\nStacktrace:\nBacktrace:\n\tOrdinal0 [0x00727413+2389011]\n\tOrdinal0 [0x006B9F61+1941345]\n\tOrdinal0 [0x005AC658+837208]\n\tOrdinal0 [0x005DF8AF+1046703]\n\tOrdinal0 [0x005DD8D6+1038550]\n\tOrdinal0 [0x005DB5EB+1029611]\n\tOrdinal0 [0x005DA359+1024857]\n\tOrdinal0 [0x005CFF93+982931]\n\tOrdinal0 [0x005F414C+1130828]\n\tOrdinal0 [0x005CF974+981364]\n\tOrdinal0 [0x005F4364+1131364]\n\tOrdinal0 [0x00604302+1196802]\n\tOrdinal0 [0x005F3F66+1130342]\n\tOrdinal0 [0x005CE546+976198]\n\tOrdinal0 [0x005CF456+980054]\n\tGetHandleVerifier [0x008D9632+1727522]\n\tGetHandleVerifier [0x0098BA4D+2457661]\n\tGetHandleVerifier [0x007BEB81+569713]\n\tGetHandleVerifier [0x007BDD76+566118]\n\tOrdinal0 [0x006C0B2B+1968939]\n\tOrdinal0 [0x006C5988+1989000]\n\tOrdinal0 [0x006C5A75+1989237]\n\tOrdinal0 [0x006CECB1+2026673]\n\tBaseThreadInitThunk [0x7603FA29+25]\n\tRtlGetAppContainerNamedObjectPath [0x77027A7E+286]\n\tRtlGetAppContainerNamedObjectPath [0x77027A4E+238]\n\n", "trace": "  File \"c:\\users\\kanaka\\pycharmprojects\\qworkspace\\venv\\lib\\site-packages\\behave\\model.py\", line 1329, in run\n    match.run(runner.context)\n  File \"c:\\users\\kanaka\\pycharmprojects\\qworkspace\\venv\\lib\\site-packages\\behave\\matchers.py\", line 98, in run\n    self.func(context, *args, **kwargs)\n  File \"features\\steps\\ClientDashboard.py\", line 1048, in step_impl\n    context.driver.find_element_by_xpath(\"//button[@name='data[submit]']\").click()\n  File \"c:\\users\\kanaka\\pycharmprojects\\qworkspace\\venv\\lib\\site-packages\\selenium\\webdriver\\remote\\webelement.py\", line 80, in click\n    self._execute(Command.CLICK_ELEMENT)\n  File \"c:\\users\\kanaka\\pycharmprojects\\qworkspace\\venv\\lib\\site-packages\\selenium\\webdriver\\remote\\webelement.py\", line 693, in _execute\n    return self._parent.execute(command, params)\n  File \"c:\\users\\kanaka\\pycharmprojects\\qworkspace\\venv\\lib\\site-packages\\selenium\\webdriver\\remote\\webdriver.py\", line 400, in execute\n    self.error_handler.check_response(response)\n  File \"c:\\users\\kanaka\\pycharmprojects\\qworkspace\\venv\\lib\\site-packages\\selenium\\webdriver\\remote\\errorhandler.py\", line 236, in check_response\n    raise exception_class(message, screen, stacktrace)\n"}, "start": 1652264076399, "stop": 1652264090315}, {"name": "Then Profile should be updated and updated value should display in field", "status": "skipped", "start": 1652264090315, "stop": 1652264090315}], "start": 1652264076394, "stop": 1652264090315, "uuid": "b4438ea7-b7e0-4f31-8e94-eed4ab8100cd", "historyId": "fc09b315eb217158868c568cb5f796e0", "fullName": "Verify Client Dashboard: Verify Client profile details are updated properly", "labels": [{"name": "severity", "value": "normal"}, {"name": "feature", "value": "Verify Client Dashboard"}, {"name": "framework", "value": "behave"}, {"name": "language", "value": "cpython3"}]}