{"name": "Verify Change password functionality for coach", "status": "broken", "statusDetails": {"message": "selenium.common.exceptions.NoSuchElementException: Message: no such element: Unable to locate element: {\"method\":\"xpath\",\"selector\":\"//img[@title='Change Password']\"}\n  (Session info: chrome=101.0.4951.54)\nStacktrace:\nBacktrace:\n\tOrdinal0 [0x00727413+2389011]\n\tOrdinal0 [0x006B9F61+1941345]\n\tOrdinal0 [0x005AC658+837208]\n\tOrdinal0 [0x005D91DD+1020381]\n\tOrdinal0 [0x005D949B+1021083]\n\tOrdinal0 [0x00606032+1204274]\n\tOrdinal0 [0x005F4194+1130900]\n\tOrdinal0 [0x00604302+1196802]\n\tOrdinal0 [0x005F3F66+1130342]\n\tOrdinal0 [0x005CE546+976198]\n\tOrdinal0 [0x005CF456+980054]\n\tGetHandleVerifier [0x008D9632+1727522]\n\tGetHandleVerifier [0x0098BA4D+2457661]\n\tGetHandleVerifier [0x007BEB81+569713]\n\tGetHandleVerifier [0x007BDD76+566118]\n\tOrdinal0 [0x006C0B2B+1968939]\n\tOrdinal0 [0x006C5988+1989000]\n\tOrdinal0 [0x006C5A75+1989237]\n\tOrdinal0 [0x006CECB1+2026673]\n\tBaseThreadInitThunk [0x7603FA29+25]\n\tRtlGetAppContainerNamedObjectPath [0x77027A7E+286]\n\tRtlGetAppContainerNamedObjectPath [0x77027A4E+238]\n\n", "trace": "  File \"c:\\users\\kanaka\\pycharmprojects\\qworkspace\\venv\\lib\\site-packages\\behave\\model.py\", line 1329, in run\n    match.run(runner.context)\n  File \"c:\\users\\kanaka\\pycharmprojects\\qworkspace\\venv\\lib\\site-packages\\behave\\matchers.py\", line 98, in run\n    self.func(context, *args, **kwargs)\n  File \"features\\steps\\CoachDashboard.py\", line 824, in step_impl\n    context.driver.find_element_by_xpath(\"//img[@title='Change Password']\").click()\n  File \"c:\\users\\kanaka\\pycharmprojects\\qworkspace\\venv\\lib\\site-packages\\selenium\\webdriver\\remote\\webdriver.py\", line 484, in find_element_by_xpath\n    return self.find_element(by=By.XPATH, value=xpath)\n  File \"c:\\users\\kanaka\\pycharmprojects\\qworkspace\\venv\\lib\\site-packages\\selenium\\webdriver\\remote\\webdriver.py\", line 1153, in find_element\n    return self.execute(Command.FIND_ELEMENT, {\n  File \"c:\\users\\kanaka\\pycharmprojects\\qworkspace\\venv\\lib\\site-packages\\selenium\\webdriver\\remote\\webdriver.py\", line 400, in execute\n    self.error_handler.check_response(response)\n  File \"c:\\users\\kanaka\\pycharmprojects\\qworkspace\\venv\\lib\\site-packages\\selenium\\webdriver\\remote\\errorhandler.py\", line 236, in check_response\n    raise exception_class(message, screen, stacktrace)\n"}, "steps": [{"name": "When Click on change password icon", "status": "broken", "statusDetails": {"message": "selenium.common.exceptions.NoSuchElementException: Message: no such element: Unable to locate element: {\"method\":\"xpath\",\"selector\":\"//img[@title='Change Password']\"}\n  (Session info: chrome=101.0.4951.54)\nStacktrace:\nBacktrace:\n\tOrdinal0 [0x00727413+2389011]\n\tOrdinal0 [0x006B9F61+1941345]\n\tOrdinal0 [0x005AC658+837208]\n\tOrdinal0 [0x005D91DD+1020381]\n\tOrdinal0 [0x005D949B+1021083]\n\tOrdinal0 [0x00606032+1204274]\n\tOrdinal0 [0x005F4194+1130900]\n\tOrdinal0 [0x00604302+1196802]\n\tOrdinal0 [0x005F3F66+1130342]\n\tOrdinal0 [0x005CE546+976198]\n\tOrdinal0 [0x005CF456+980054]\n\tGetHandleVerifier [0x008D9632+1727522]\n\tGetHandleVerifier [0x0098BA4D+2457661]\n\tGetHandleVerifier [0x007BEB81+569713]\n\tGetHandleVerifier [0x007BDD76+566118]\n\tOrdinal0 [0x006C0B2B+1968939]\n\tOrdinal0 [0x006C5988+1989000]\n\tOrdinal0 [0x006C5A75+1989237]\n\tOrdinal0 [0x006CECB1+2026673]\n\tBaseThreadInitThunk [0x7603FA29+25]\n\tRtlGetAppContainerNamedObjectPath [0x77027A7E+286]\n\tRtlGetAppContainerNamedObjectPath [0x77027A4E+238]\n\n", "trace": "  File \"c:\\users\\kanaka\\pycharmprojects\\qworkspace\\venv\\lib\\site-packages\\behave\\model.py\", line 1329, in run\n    match.run(runner.context)\n  File \"c:\\users\\kanaka\\pycharmprojects\\qworkspace\\venv\\lib\\site-packages\\behave\\matchers.py\", line 98, in run\n    self.func(context, *args, **kwargs)\n  File \"features\\steps\\CoachDashboard.py\", line 824, in step_impl\n    context.driver.find_element_by_xpath(\"//img[@title='Change Password']\").click()\n  File \"c:\\users\\kanaka\\pycharmprojects\\qworkspace\\venv\\lib\\site-packages\\selenium\\webdriver\\remote\\webdriver.py\", line 484, in find_element_by_xpath\n    return self.find_element(by=By.XPATH, value=xpath)\n  File \"c:\\users\\kanaka\\pycharmprojects\\qworkspace\\venv\\lib\\site-packages\\selenium\\webdriver\\remote\\webdriver.py\", line 1153, in find_element\n    return self.execute(Command.FIND_ELEMENT, {\n  File \"c:\\users\\kanaka\\pycharmprojects\\qworkspace\\venv\\lib\\site-packages\\selenium\\webdriver\\remote\\webdriver.py\", line 400, in execute\n    self.error_handler.check_response(response)\n  File \"c:\\users\\kanaka\\pycharmprojects\\qworkspace\\venv\\lib\\site-packages\\selenium\\webdriver\\remote\\errorhandler.py\", line 236, in check_response\n    raise exception_class(message, screen, stacktrace)\n"}, "start": 1652262804663, "stop": 1652262816738}, {"name": "And Enter Incorrect old password and New password and click on Submit", "status": "skipped", "start": 1652262816738, "stop": 1652262816738}, {"name": "Then Appropriate error message should display on screen", "status": "skipped", "start": 1652262816738, "stop": 1652262816738}], "start": 1652262804662, "stop": 1652262816738, "uuid": "c5011e54-6628-4f47-8770-dd0ab7558c81", "historyId": "681d22a9b6d7c440abe2a2bd96aaf8ae", "fullName": "Verify  Coach Dashboard: Verify Change password functionality for coach", "labels": [{"name": "severity", "value": "normal"}, {"name": "feature", "value": "Verify  Coach Dashboard"}, {"name": "framework", "value": "behave"}, {"name": "language", "value": "cpython3"}]}