{"name": "Coach Onboarding", "status": "broken", "statusDetails": {"message": "selenium.common.exceptions.ElementClickInterceptedException: Message: element click intercepted: Element <button _ngcontent-pvi-c63=\"\" role=\"button\" id=\"dropdownMenuLink\" data-bs-toggle=\"dropdown\" aria-expanded=\"false\" class=\"dropdown-toggle dropdownMenuLink font-size-10 koho\">...</button> is not clickable at point (1268, 41). Other element would receive the click: <div role=\"alertdialog\" aria-live=\"polite\" class=\"ng-tns-c35-0 toast-message ng-star-inserted\" aria-label=\"Cannot read properties of undefined (reading 'toString')\" style=\"\">...</div>\n  (Session info: chrome=97.0.4692.99)\n\n", "trace": "  File \"C:\\Users\\kanaka\\AppData\\Local\\Programs\\Python\\Python39\\lib\\site-packages\\behave\\model.py\", line 1329, in run\n    match.run(runner.context)\n  File \"C:\\Users\\kanaka\\AppData\\Local\\Programs\\Python\\Python39\\lib\\site-packages\\behave\\matchers.py\", line 98, in run\n    self.func(context, *args, **kwargs)\n  File \"features\\steps\\CoachOnboard.py\", line 52, in step_impl\n    context.driver.find_element_by_id(\"dropdownMenuLink\").click()\n  File \"C:\\Users\\kanaka\\AppData\\Local\\Programs\\Python\\Python39\\lib\\site-packages\\selenium\\webdriver\\remote\\webelement.py\", line 80, in click\n    self._execute(Command.CLICK_ELEMENT)\n  File \"C:\\Users\\kanaka\\AppData\\Local\\Programs\\Python\\Python39\\lib\\site-packages\\selenium\\webdriver\\remote\\webelement.py\", line 633, in _execute\n    return self._parent.execute(command, params)\n  File \"C:\\Users\\kanaka\\AppData\\Local\\Programs\\Python\\Python39\\lib\\site-packages\\selenium\\webdriver\\remote\\webdriver.py\", line 321, in execute\n    self.error_handler.check_response(response)\n  File \"C:\\Users\\kanaka\\AppData\\Local\\Programs\\Python\\Python39\\lib\\site-packages\\selenium\\webdriver\\remote\\errorhandler.py\", line 242, in check_response\n    raise exception_class(message, screen, stacktrace)\n"}, "steps": [{"name": "Given Laumch the browser", "status": "passed", "start": 1643259679927, "stop": 1643259686446}, {"name": "And open the Hit the temp URL", "status": "passed", "start": 1643259686446, "stop": 1643259698335}, {"name": "And Copy the temp email address", "status": "passed", "start": 1643259698335, "stop": 1643259735985}, {"name": "And Login as operation user", "status": "passed", "start": 1643259735986, "stop": 1643259771069}, {"name": "And Send Invitation to coach", "status": "broken", "statusDetails": {"message": "selenium.common.exceptions.ElementClickInterceptedException: Message: element click intercepted: Element <button _ngcontent-pvi-c63=\"\" role=\"button\" id=\"dropdownMenuLink\" data-bs-toggle=\"dropdown\" aria-expanded=\"false\" class=\"dropdown-toggle dropdownMenuLink font-size-10 koho\">...</button> is not clickable at point (1268, 41). Other element would receive the click: <div role=\"alertdialog\" aria-live=\"polite\" class=\"ng-tns-c35-0 toast-message ng-star-inserted\" aria-label=\"Cannot read properties of undefined (reading 'toString')\" style=\"\">...</div>\n  (Session info: chrome=97.0.4692.99)\n\n", "trace": "  File \"C:\\Users\\kanaka\\AppData\\Local\\Programs\\Python\\Python39\\lib\\site-packages\\behave\\model.py\", line 1329, in run\n    match.run(runner.context)\n  File \"C:\\Users\\kanaka\\AppData\\Local\\Programs\\Python\\Python39\\lib\\site-packages\\behave\\matchers.py\", line 98, in run\n    self.func(context, *args, **kwargs)\n  File \"features\\steps\\CoachOnboard.py\", line 52, in step_impl\n    context.driver.find_element_by_id(\"dropdownMenuLink\").click()\n  File \"C:\\Users\\kanaka\\AppData\\Local\\Programs\\Python\\Python39\\lib\\site-packages\\selenium\\webdriver\\remote\\webelement.py\", line 80, in click\n    self._execute(Command.CLICK_ELEMENT)\n  File \"C:\\Users\\kanaka\\AppData\\Local\\Programs\\Python\\Python39\\lib\\site-packages\\selenium\\webdriver\\remote\\webelement.py\", line 633, in _execute\n    return self._parent.execute(command, params)\n  File \"C:\\Users\\kanaka\\AppData\\Local\\Programs\\Python\\Python39\\lib\\site-packages\\selenium\\webdriver\\remote\\webdriver.py\", line 321, in execute\n    self.error_handler.check_response(response)\n  File \"C:\\Users\\kanaka\\AppData\\Local\\Programs\\Python\\Python39\\lib\\site-packages\\selenium\\webdriver\\remote\\errorhandler.py\", line 242, in check_response\n    raise exception_class(message, screen, stacktrace)\n"}, "start": 1643259771071, "stop": 1643259789531}, {"name": "And Again go to temp", "status": "skipped", "start": 1643259789533, "stop": 1643259789533}, {"name": "And select mail and Click on Start", "status": "skipped", "start": 1643259789533, "stop": 1643259789533}, {"name": "And Confirm the email address", "status": "skipped", "start": 1643259789533, "stop": 1643259789533}, {"name": "And Once again go to temp", "status": "skipped", "start": 1643259789533, "stop": 1643259789533}, {"name": "And Select mail and click on confirm", "status": "skipped", "start": 1643259789533, "stop": 1643259789533}, {"name": "And Set the password", "status": "skipped", "start": 1643259789533, "stop": 1643259789533}, {"name": "And login as coach user", "status": "skipped", "start": 1643259789533, "stop": 1643259789533}, {"name": "And Fill the coach detail", "status": "skipped", "start": 1643259789533, "stop": 1643259789533}, {"name": "Then Coach profile submitted", "status": "skipped", "start": 1643259789533, "stop": 1643259789533}], "start": 1643259679853, "stop": 1643259789533, "uuid": "a3b52d50-d444-49b4-a539-77eb532bc2ec", "historyId": "add8773326f89f9ed6e0e479e4941b4d", "fullName": "Onboard of a new coach: Coach Onboarding", "labels": [{"name": "severity", "value": "normal"}, {"name": "feature", "value": "Onboard of a new coach"}, {"name": "framework", "value": "behave"}, {"name": "language", "value": "cpython3"}]}