{"name": "Coach Onboarding", "status": "broken", "statusDetails": {"message": "selenium.common.exceptions.StaleElementReferenceException: Message: stale element reference: element is not attached to the page document\n  (Session info: chrome=97.0.4692.99)\n\n", "trace": "  File \"C:\\Users\\kanaka\\AppData\\Local\\Programs\\Python\\Python39\\lib\\site-packages\\behave\\model.py\", line 1329, in run\n    match.run(runner.context)\n  File \"C:\\Users\\kanaka\\AppData\\Local\\Programs\\Python\\Python39\\lib\\site-packages\\behave\\matchers.py\", line 98, in run\n    self.func(context, *args, **kwargs)\n  File \"features\\steps\\CoachOnboard.py\", line 155, in step_impl\n    context.driver.find_element_by_xpath(\"//div[@data-value='Female']\").click()\n  File \"C:\\Users\\kanaka\\AppData\\Local\\Programs\\Python\\Python39\\lib\\site-packages\\selenium\\webdriver\\remote\\webelement.py\", line 80, in click\n    self._execute(Command.CLICK_ELEMENT)\n  File \"C:\\Users\\kanaka\\AppData\\Local\\Programs\\Python\\Python39\\lib\\site-packages\\selenium\\webdriver\\remote\\webelement.py\", line 633, in _execute\n    return self._parent.execute(command, params)\n  File \"C:\\Users\\kanaka\\AppData\\Local\\Programs\\Python\\Python39\\lib\\site-packages\\selenium\\webdriver\\remote\\webdriver.py\", line 321, in execute\n    self.error_handler.check_response(response)\n  File \"C:\\Users\\kanaka\\AppData\\Local\\Programs\\Python\\Python39\\lib\\site-packages\\selenium\\webdriver\\remote\\errorhandler.py\", line 242, in check_response\n    raise exception_class(message, screen, stacktrace)\n"}, "steps": [{"name": "Given Laumch the browser", "status": "passed", "start": 1643278956558, "stop": 1643279012966}, {"name": "And open the Hit the temp URL", "status": "passed", "start": 1643279012966, "stop": 1643279012971}, {"name": "And Copy the temp email address", "status": "passed", "start": 1643279012971, "stop": 1643279028102}, {"name": "And Login as operation user", "status": "passed", "start": 1643279028102, "stop": 1643279058417}, {"name": "And Send Invitation to coach", "status": "passed", "start": 1643279058418, "stop": 1643279097183}, {"name": "And Again go to temp", "status": "passed", "start": 1643279097184, "stop": 1643279107348}, {"name": "And select mail and Click on Start", "status": "passed", "start": 1643279107349, "stop": 1643279177177}, {"name": "And Confirm the email address", "status": "passed", "attachments": [{"name": "Screenshot", "source": "2768384a-2948-41d5-a938-9284ce4dd5fc-attachment.png", "type": "image/png"}], "start": 1643279177178, "stop": 1643279203546}, {"name": "And Once again go to temp", "status": "passed", "start": 1643279203547, "stop": 1643279223006}, {"name": "And Select mail and click on confirm", "status": "passed", "start": 1643279223006, "stop": 1643279248375}, {"name": "And Set the password", "status": "passed", "attachments": [{"name": "Screenshot", "source": "f67b875e-560c-43f5-8237-72cc9ec47324-attachment.png", "type": "image/png"}], "start": 1643279248376, "stop": 1643279261796}, {"name": "And login as coach user", "status": "passed", "start": 1643279261796, "stop": 1643279267002}, {"name": "And Fill the coach detail", "status": "broken", "statusDetails": {"message": "selenium.common.exceptions.StaleElementReferenceException: Message: stale element reference: element is not attached to the page document\n  (Session info: chrome=97.0.4692.99)\n\n", "trace": "  File \"C:\\Users\\kanaka\\AppData\\Local\\Programs\\Python\\Python39\\lib\\site-packages\\behave\\model.py\", line 1329, in run\n    match.run(runner.context)\n  File \"C:\\Users\\kanaka\\AppData\\Local\\Programs\\Python\\Python39\\lib\\site-packages\\behave\\matchers.py\", line 98, in run\n    self.func(context, *args, **kwargs)\n  File \"features\\steps\\CoachOnboard.py\", line 155, in step_impl\n    context.driver.find_element_by_xpath(\"//div[@data-value='Female']\").click()\n  File \"C:\\Users\\kanaka\\AppData\\Local\\Programs\\Python\\Python39\\lib\\site-packages\\selenium\\webdriver\\remote\\webelement.py\", line 80, in click\n    self._execute(Command.CLICK_ELEMENT)\n  File \"C:\\Users\\kanaka\\AppData\\Local\\Programs\\Python\\Python39\\lib\\site-packages\\selenium\\webdriver\\remote\\webelement.py\", line 633, in _execute\n    return self._parent.execute(command, params)\n  File \"C:\\Users\\kanaka\\AppData\\Local\\Programs\\Python\\Python39\\lib\\site-packages\\selenium\\webdriver\\remote\\webdriver.py\", line 321, in execute\n    self.error_handler.check_response(response)\n  File \"C:\\Users\\kanaka\\AppData\\Local\\Programs\\Python\\Python39\\lib\\site-packages\\selenium\\webdriver\\remote\\errorhandler.py\", line 242, in check_response\n    raise exception_class(message, screen, stacktrace)\n"}, "start": 1643279267003, "stop": 1643279298168}, {"name": "Then Coach profile submitted", "status": "skipped", "start": 1643279298169, "stop": 1643279298169}], "start": 1643278956558, "stop": 1643279298169, "uuid": "d975aee8-3754-4d77-8db9-e8260f0b4729", "historyId": "add8773326f89f9ed6e0e479e4941b4d", "fullName": "Onboard of a new coach: Coach Onboarding", "labels": [{"name": "severity", "value": "normal"}, {"name": "feature", "value": "Onboard of a new coach"}, {"name": "framework", "value": "behave"}, {"name": "language", "value": "cpython3"}]}