{"name": "Check Settings screen on client dashboard", "status": "broken", "statusDetails": {"message": "selenium.common.exceptions.NoSuchElementException: Message: no such element: Unable to locate element: {\"method\":\"xpath\",\"selector\":\"//span[text()=' Settings']\"}\n  (Session info: chrome=99.0.4844.82)\nStacktrace:\nBacktrace:\n\tOrdinal0 [0x011669A3+2582947]\n\tOrdinal0 [0x010FA6D1+2139857]\n\tOrdinal0 [0x00FF3A98+1063576]\n\tOrdinal0 [0x0101FF3E+1244990]\n\tOrdinal0 [0x0102013B+1245499]\n\tOrdinal0 [0x01049F52+1417042]\n\tOrdinal0 [0x01038594+1344916]\n\tOrdinal0 [0x0104834A+1409866]\n\tOrdinal0 [0x01038366+1344358]\n\tOrdinal0 [0x01015176+1200502]\n\tOrdinal0 [0x01016066+1204326]\n\tGetHandleVerifier [0x0130BE02+1675858]\n\tGetHandleVerifier [0x013C036C+2414524]\n\tGetHandleVerifier [0x011FBB01+560977]\n\tGetHandleVerifier [0x011FA8D3+556323]\n\tOrdinal0 [0x0110020E+2163214]\n\tOrdinal0 [0x01105078+2183288]\n\tOrdinal0 [0x011051C0+2183616]\n\tOrdinal0 [0x0110EE1C+2223644]\n\tBaseThreadInitThunk [0x76BFFA29+25]\n\tRtlGetAppContainerNamedObjectPath [0x777F7A7E+286]\n\tRtlGetAppContainerNamedObjectPath [0x777F7A4E+238]\n\n", "trace": "  File \"c:\\users\\kanaka\\pycharmprojects\\qworkspace\\venv\\lib\\site-packages\\behave\\model.py\", line 1329, in run\n    match.run(runner.context)\n  File \"c:\\users\\kanaka\\pycharmprojects\\qworkspace\\venv\\lib\\site-packages\\behave\\matchers.py\", line 98, in run\n    self.func(context, *args, **kwargs)\n  File \"features\\steps\\ClientDashboard.py\", line 388, in step_impl\n    context.driver.find_element_by_xpath(\"//span[text()=' Settings']\").click()\n  File \"c:\\users\\kanaka\\pycharmprojects\\qworkspace\\venv\\lib\\site-packages\\selenium\\webdriver\\remote\\webdriver.py\", line 484, in find_element_by_xpath\n    return self.find_element(by=By.XPATH, value=xpath)\n  File \"c:\\users\\kanaka\\pycharmprojects\\qworkspace\\venv\\lib\\site-packages\\selenium\\webdriver\\remote\\webdriver.py\", line 1153, in find_element\n    return self.execute(Command.FIND_ELEMENT, {\n  File \"c:\\users\\kanaka\\pycharmprojects\\qworkspace\\venv\\lib\\site-packages\\selenium\\webdriver\\remote\\webdriver.py\", line 400, in execute\n    self.error_handler.check_response(response)\n  File \"c:\\users\\kanaka\\pycharmprojects\\qworkspace\\venv\\lib\\site-packages\\selenium\\webdriver\\remote\\errorhandler.py\", line 236, in check_response\n    raise exception_class(message, screen, stacktrace)\n"}, "steps": [{"name": "Given : Settings screen should be open", "status": "broken", "statusDetails": {"message": "selenium.common.exceptions.NoSuchElementException: Message: no such element: Unable to locate element: {\"method\":\"xpath\",\"selector\":\"//span[text()=' Settings']\"}\n  (Session info: chrome=99.0.4844.82)\nStacktrace:\nBacktrace:\n\tOrdinal0 [0x011669A3+2582947]\n\tOrdinal0 [0x010FA6D1+2139857]\n\tOrdinal0 [0x00FF3A98+1063576]\n\tOrdinal0 [0x0101FF3E+1244990]\n\tOrdinal0 [0x0102013B+1245499]\n\tOrdinal0 [0x01049F52+1417042]\n\tOrdinal0 [0x01038594+1344916]\n\tOrdinal0 [0x0104834A+1409866]\n\tOrdinal0 [0x01038366+1344358]\n\tOrdinal0 [0x01015176+1200502]\n\tOrdinal0 [0x01016066+1204326]\n\tGetHandleVerifier [0x0130BE02+1675858]\n\tGetHandleVerifier [0x013C036C+2414524]\n\tGetHandleVerifier [0x011FBB01+560977]\n\tGetHandleVerifier [0x011FA8D3+556323]\n\tOrdinal0 [0x0110020E+2163214]\n\tOrdinal0 [0x01105078+2183288]\n\tOrdinal0 [0x011051C0+2183616]\n\tOrdinal0 [0x0110EE1C+2223644]\n\tBaseThreadInitThunk [0x76BFFA29+25]\n\tRtlGetAppContainerNamedObjectPath [0x777F7A7E+286]\n\tRtlGetAppContainerNamedObjectPath [0x777F7A4E+238]\n\n", "trace": "  File \"c:\\users\\kanaka\\pycharmprojects\\qworkspace\\venv\\lib\\site-packages\\behave\\model.py\", line 1329, in run\n    match.run(runner.context)\n  File \"c:\\users\\kanaka\\pycharmprojects\\qworkspace\\venv\\lib\\site-packages\\behave\\matchers.py\", line 98, in run\n    self.func(context, *args, **kwargs)\n  File \"features\\steps\\ClientDashboard.py\", line 388, in step_impl\n    context.driver.find_element_by_xpath(\"//span[text()=' Settings']\").click()\n  File \"c:\\users\\kanaka\\pycharmprojects\\qworkspace\\venv\\lib\\site-packages\\selenium\\webdriver\\remote\\webdriver.py\", line 484, in find_element_by_xpath\n    return self.find_element(by=By.XPATH, value=xpath)\n  File \"c:\\users\\kanaka\\pycharmprojects\\qworkspace\\venv\\lib\\site-packages\\selenium\\webdriver\\remote\\webdriver.py\", line 1153, in find_element\n    return self.execute(Command.FIND_ELEMENT, {\n  File \"c:\\users\\kanaka\\pycharmprojects\\qworkspace\\venv\\lib\\site-packages\\selenium\\webdriver\\remote\\webdriver.py\", line 400, in execute\n    self.error_handler.check_response(response)\n  File \"c:\\users\\kanaka\\pycharmprojects\\qworkspace\\venv\\lib\\site-packages\\selenium\\webdriver\\remote\\errorhandler.py\", line 236, in check_response\n    raise exception_class(message, screen, stacktrace)\n"}, "start": 1647944705101, "stop": 1647944718133}, {"name": "When : Check Add/Change calendar functionality", "status": "skipped", "start": 1647944718133, "stop": 1647944718133}, {"name": "And : Check Change password functionality", "status": "skipped", "start": 1647944718133, "stop": 1647944718133}, {"name": "Then : Both test cases should pass", "status": "skipped", "start": 1647944718133, "stop": 1647944718133}], "start": 1647944705101, "stop": 1647944718133, "uuid": "a5cbc0c4-f714-46b5-9560-e73f2cfb7a32", "historyId": "9a3c24e34103c31f1424335bdd44a793", "fullName": "Check Client Dashboard Functionality: Check Settings screen on client dashboard", "labels": [{"name": "severity", "value": "normal"}, {"name": "feature", "value": "Check Client Dashboard Functionality"}, {"name": "framework", "value": "behave"}, {"name": "language", "value": "cpython3"}]}