{"name": "Check Session screen on Client Dashboard", "status": "broken", "statusDetails": {"message": "selenium.common.exceptions.NoSuchElementException: Message: no such element: Unable to locate element: {\"method\":\"xpath\",\"selector\":\"//span[text()='Sessions']\"}\n  (Session info: chrome=99.0.4844.82)\nStacktrace:\nBacktrace:\n\tOrdinal0 [0x011669A3+2582947]\n\tOrdinal0 [0x010FA6D1+2139857]\n\tOrdinal0 [0x00FF3A98+1063576]\n\tOrdinal0 [0x0101FF3E+1244990]\n\tOrdinal0 [0x0102013B+1245499]\n\tOrdinal0 [0x01049F52+1417042]\n\tOrdinal0 [0x01038594+1344916]\n\tOrdinal0 [0x0104834A+1409866]\n\tOrdinal0 [0x01038366+1344358]\n\tOrdinal0 [0x01015176+1200502]\n\tOrdinal0 [0x01016066+1204326]\n\tGetHandleVerifier [0x0130BE02+1675858]\n\tGetHandleVerifier [0x013C036C+2414524]\n\tGetHandleVerifier [0x011FBB01+560977]\n\tGetHandleVerifier [0x011FA8D3+556323]\n\tOrdinal0 [0x0110020E+2163214]\n\tOrdinal0 [0x01105078+2183288]\n\tOrdinal0 [0x011051C0+2183616]\n\tOrdinal0 [0x0110EE1C+2223644]\n\tBaseThreadInitThunk [0x76BFFA29+25]\n\tRtlGetAppContainerNamedObjectPath [0x777F7A7E+286]\n\tRtlGetAppContainerNamedObjectPath [0x777F7A4E+238]\n\n", "trace": "  File \"c:\\users\\kanaka\\pycharmprojects\\qworkspace\\venv\\lib\\site-packages\\behave\\model.py\", line 1329, in run\n    match.run(runner.context)\n  File \"c:\\users\\kanaka\\pycharmprojects\\qworkspace\\venv\\lib\\site-packages\\behave\\matchers.py\", line 98, in run\n    self.func(context, *args, **kwargs)\n  File \"features\\steps\\ClientDashboard.py\", line 250, in step_impl\n    context.driver.find_element_by_xpath(\"//span[text()='Sessions']\").click()\n  File \"c:\\users\\kanaka\\pycharmprojects\\qworkspace\\venv\\lib\\site-packages\\selenium\\webdriver\\remote\\webdriver.py\", line 484, in find_element_by_xpath\n    return self.find_element(by=By.XPATH, value=xpath)\n  File \"c:\\users\\kanaka\\pycharmprojects\\qworkspace\\venv\\lib\\site-packages\\selenium\\webdriver\\remote\\webdriver.py\", line 1153, in find_element\n    return self.execute(Command.FIND_ELEMENT, {\n  File \"c:\\users\\kanaka\\pycharmprojects\\qworkspace\\venv\\lib\\site-packages\\selenium\\webdriver\\remote\\webdriver.py\", line 400, in execute\n    self.error_handler.check_response(response)\n  File \"c:\\users\\kanaka\\pycharmprojects\\qworkspace\\venv\\lib\\site-packages\\selenium\\webdriver\\remote\\errorhandler.py\", line 236, in check_response\n    raise exception_class(message, screen, stacktrace)\n"}, "steps": [{"name": "Given : Session screen should be open", "status": "broken", "statusDetails": {"message": "selenium.common.exceptions.NoSuchElementException: Message: no such element: Unable to locate element: {\"method\":\"xpath\",\"selector\":\"//span[text()='Sessions']\"}\n  (Session info: chrome=99.0.4844.82)\nStacktrace:\nBacktrace:\n\tOrdinal0 [0x011669A3+2582947]\n\tOrdinal0 [0x010FA6D1+2139857]\n\tOrdinal0 [0x00FF3A98+1063576]\n\tOrdinal0 [0x0101FF3E+1244990]\n\tOrdinal0 [0x0102013B+1245499]\n\tOrdinal0 [0x01049F52+1417042]\n\tOrdinal0 [0x01038594+1344916]\n\tOrdinal0 [0x0104834A+1409866]\n\tOrdinal0 [0x01038366+1344358]\n\tOrdinal0 [0x01015176+1200502]\n\tOrdinal0 [0x01016066+1204326]\n\tGetHandleVerifier [0x0130BE02+1675858]\n\tGetHandleVerifier [0x013C036C+2414524]\n\tGetHandleVerifier [0x011FBB01+560977]\n\tGetHandleVerifier [0x011FA8D3+556323]\n\tOrdinal0 [0x0110020E+2163214]\n\tOrdinal0 [0x01105078+2183288]\n\tOrdinal0 [0x011051C0+2183616]\n\tOrdinal0 [0x0110EE1C+2223644]\n\tBaseThreadInitThunk [0x76BFFA29+25]\n\tRtlGetAppContainerNamedObjectPath [0x777F7A7E+286]\n\tRtlGetAppContainerNamedObjectPath [0x777F7A4E+238]\n\n", "trace": "  File \"c:\\users\\kanaka\\pycharmprojects\\qworkspace\\venv\\lib\\site-packages\\behave\\model.py\", line 1329, in run\n    match.run(runner.context)\n  File \"c:\\users\\kanaka\\pycharmprojects\\qworkspace\\venv\\lib\\site-packages\\behave\\matchers.py\", line 98, in run\n    self.func(context, *args, **kwargs)\n  File \"features\\steps\\ClientDashboard.py\", line 250, in step_impl\n    context.driver.find_element_by_xpath(\"//span[text()='Sessions']\").click()\n  File \"c:\\users\\kanaka\\pycharmprojects\\qworkspace\\venv\\lib\\site-packages\\selenium\\webdriver\\remote\\webdriver.py\", line 484, in find_element_by_xpath\n    return self.find_element(by=By.XPATH, value=xpath)\n  File \"c:\\users\\kanaka\\pycharmprojects\\qworkspace\\venv\\lib\\site-packages\\selenium\\webdriver\\remote\\webdriver.py\", line 1153, in find_element\n    return self.execute(Command.FIND_ELEMENT, {\n  File \"c:\\users\\kanaka\\pycharmprojects\\qworkspace\\venv\\lib\\site-packages\\selenium\\webdriver\\remote\\webdriver.py\", line 400, in execute\n    self.error_handler.check_response(response)\n  File \"c:\\users\\kanaka\\pycharmprojects\\qworkspace\\venv\\lib\\site-packages\\selenium\\webdriver\\remote\\errorhandler.py\", line 236, in check_response\n    raise exception_class(message, screen, stacktrace)\n"}, "start": 1647944669943, "stop": 1647944679969}, {"name": "When : Check Notes section in session screen", "status": "skipped", "start": 1647944679969, "stop": 1647944679969}, {"name": "And : Check Activites section on session screen", "status": "skipped", "start": 1647944679969, "stop": 1647944679969}, {"name": "And : Check missing survey section on session screen", "status": "skipped", "start": 1647944679969, "stop": 1647944679969}, {"name": "And : Check session scheduling functionality", "status": "skipped", "start": 1647944679969, "stop": 1647944679969}, {"name": "Then : Sessions screen should work as expected", "status": "skipped", "start": 1647944679969, "stop": 1647944679969}], "start": 1647944669943, "stop": 1647944679969, "uuid": "da08469b-7350-44ed-bde3-7fdaee04fdf5", "historyId": "e1d95ee684387535e4c45c01ca2c815f", "fullName": "Check Client Dashboard Functionality: Check Session screen on Client Dashboard", "labels": [{"name": "severity", "value": "normal"}, {"name": "feature", "value": "Check Client Dashboard Functionality"}, {"name": "framework", "value": "behave"}, {"name": "language", "value": "cpython3"}]}